{"meta": {"format": 3, "version": "7.10.7", "timestamp": "2025-11-25T05:07:30.192343", "branch_coverage": true, "show_contexts": false}, "files": {"import_metabase.py": {"executed_lines": [1, 8, 9, 10, 11, 12, 13, 15, 17, 18, 19, 20, 21, 30, 33, 34, 36, 38, 39, 46, 47, 48, 49, 52, 53, 54, 57, 59, 62, 64, 67, 68, 71, 72, 73, 74, 76, 77, 79, 81, 82, 84, 85, 87, 88, 90, 92, 93, 94, 95, 96, 97, 98, 99, 100, 102, 104, 105, 108, 111, 115, 116, 119, 120, 122, 136, 137, 140, 141, 144, 146, 149, 150, 153, 154, 155, 157, 159, 161, 162, 163, 164, 165, 166, 167, 173, 174, 176, 178, 179, 180, 184, 185, 186, 187, 188, 191, 193, 215, 221, 227, 229, 231, 232, 233, 238, 239, 241, 242, 246, 328, 372, 374, 376, 377, 408, 409, 412, 413, 415, 416, 418, 419, 420, 424, 428, 429, 430, 433, 436, 441, 445, 446, 448, 452, 454, 455, 456, 457, 459, 497, 503, 504, 506, 507, 508, 510, 511, 512, 514, 523, 524, 525, 526, 527, 528, 529, 530, 531, 533, 537, 538, 539, 540, 541, 542, 547, 555, 556, 557, 558, 564, 565, 567, 568, 569, 570, 571, 572, 574, 578, 579, 581, 588, 593, 596, 599, 601, 607, 608, 609, 610, 612, 613, 615, 621, 622, 624, 626, 631, 632, 634, 635, 640, 642, 644, 646, 647, 657, 658, 659, 662, 664, 666, 671, 674, 675, 684, 685, 686, 689, 691, 694, 697, 698, 700, 701, 702, 704, 705, 706, 709, 710, 711, 714, 717, 723, 724, 725, 730, 731, 732, 742, 747, 750, 751, 754, 755, 756, 757, 758, 763, 764, 765, 766, 767, 768, 769, 773, 775, 781, 784, 785, 786, 787, 788, 790, 796, 797, 800, 801, 802, 803, 806, 808, 810, 811, 812, 815, 816, 817, 818, 819, 822, 823, 828, 831, 832, 833, 834, 835, 841, 843, 845, 900, 902, 903, 905, 906, 907, 909, 910, 917, 918, 919, 922, 937, 938, 939, 940, 950, 952, 953, 954, 955, 956, 958, 964, 965, 989, 990, 997, 1037, 1042, 1044, 1054, 1059, 1060, 1063, 1064, 1065, 1072, 1078, 1079, 1083, 1086, 1089, 1093, 1121, 1122, 1123, 1124, 1127, 1129, 1139, 1140, 1141, 1143, 1246, 1254, 1256, 1259, 1262, 1263, 1266, 1269, 1272, 1273, 1276, 1278, 1384, 1385, 1386, 1388, 1442, 1446, 1447, 1448, 1450, 1487, 1489, 1495, 1496, 1497, 1500, 1509, 1513, 1517, 1535, 1537, 1539, 1551, 1563, 1565, 1567, 1568, 1569, 1572, 1574, 1649, 1650, 1651, 1653, 1723, 1792, 1800], "summary": {"covered_lines": 393, "num_statements": 923, "percent_covered": 38.75278396436526, "percent_covered_display": "38.75", "missing_lines": 530, "excluded_lines": 2, "num_branches": 424, "num_partial_branches": 53, "covered_branches": 129, "missing_branches": 295}, "missing_lines": [106, 138, 194, 195, 196, 197, 200, 201, 202, 203, 204, 205, 206, 207, 208, 209, 212, 213, 217, 218, 219, 234, 235, 249, 250, 251, 252, 253, 254, 255, 259, 261, 263, 264, 265, 266, 270, 274, 280, 281, 282, 284, 285, 286, 289, 290, 292, 298, 299, 301, 302, 303, 305, 306, 307, 310, 311, 313, 318, 324, 325, 330, 332, 333, 334, 335, 336, 339, 342, 343, 345, 349, 350, 352, 353, 354, 356, 357, 358, 359, 360, 362, 363, 364, 365, 366, 367, 369, 370, 378, 379, 380, 381, 382, 383, 384, 385, 386, 387, 388, 389, 390, 391, 392, 393, 394, 395, 396, 397, 398, 399, 400, 401, 402, 403, 404, 405, 421, 425, 426, 437, 449, 450, 463, 465, 466, 468, 469, 470, 471, 476, 477, 478, 481, 482, 483, 484, 485, 486, 487, 488, 489, 491, 492, 493, 494, 495, 543, 544, 545, 559, 562, 583, 584, 585, 597, 627, 628, 707, 708, 715, 734, 735, 736, 759, 760, 770, 771, 791, 792, 793, 836, 858, 859, 862, 863, 864, 868, 869, 870, 871, 872, 873, 874, 875, 876, 879, 881, 885, 888, 891, 892, 898, 911, 923, 925, 926, 927, 928, 929, 931, 941, 942, 943, 944, 945, 948, 949, 966, 967, 968, 969, 970, 971, 972, 975, 976, 977, 979, 980, 981, 982, 983, 991, 998, 999, 1000, 1001, 1004, 1005, 1010, 1011, 1012, 1013, 1014, 1015, 1020, 1021, 1022, 1023, 1024, 1025, 1029, 1031, 1033, 1038, 1055, 1056, 1057, 1066, 1068, 1069, 1070, 1073, 1074, 1075, 1080, 1095, 1097, 1098, 1101, 1103, 1105, 1106, 1107, 1108, 1109, 1111, 1113, 1116, 1130, 1132, 1133, 1134, 1135, 1136, 1137, 1146, 1153, 1154, 1158, 1161, 1162, 1165, 1166, 1167, 1173, 1174, 1175, 1177, 1178, 1179, 1181, 1184, 1186, 1197, 1198, 1199, 1202, 1207, 1208, 1209, 1212, 1214, 1215, 1218, 1221, 1226, 1227, 1228, 1231, 1232, 1233, 1234, 1237, 1238, 1239, 1242, 1243, 1244, 1250, 1260, 1280, 1283, 1295, 1296, 1297, 1301, 1302, 1305, 1306, 1311, 1312, 1315, 1316, 1317, 1319, 1320, 1321, 1322, 1324, 1325, 1327, 1328, 1329, 1330, 1336, 1337, 1341, 1345, 1346, 1347, 1348, 1349, 1350, 1352, 1356, 1361, 1362, 1363, 1364, 1367, 1370, 1374, 1375, 1376, 1377, 1381, 1389, 1391, 1394, 1395, 1396, 1398, 1401, 1407, 1409, 1410, 1411, 1412, 1413, 1415, 1416, 1423, 1430, 1435, 1436, 1437, 1439, 1452, 1454, 1464, 1467, 1469, 1471, 1472, 1473, 1477, 1479, 1482, 1510, 1514, 1518, 1519, 1525, 1526, 1527, 1528, 1529, 1532, 1555, 1556, 1559, 1575, 1577, 1578, 1579, 1582, 1586, 1591, 1595, 1596, 1597, 1600, 1601, 1602, 1603, 1606, 1607, 1608, 1609, 1610, 1611, 1612, 1613, 1615, 1618, 1619, 1620, 1621, 1624, 1625, 1626, 1629, 1630, 1631, 1632, 1633, 1635, 1638, 1639, 1640, 1641, 1644, 1647, 1655, 1656, 1659, 1660, 1661, 1662, 1663, 1664, 1665, 1667, 1670, 1672, 1673, 1676, 1677, 1678, 1680, 1681, 1684, 1685, 1688, 1689, 1690, 1693, 1694, 1695, 1697, 1698, 1699, 1704, 1705, 1707, 1708, 1711, 1712, 1716, 1721, 1725, 1726, 1729, 1730, 1731, 1732, 1733, 1734, 1737, 1739, 1742, 1744, 1745, 1748, 1749, 1752, 1754, 1755, 1758, 1760, 1761, 1762, 1764, 1767, 1768, 1769, 1770, 1776, 1777, 1779, 1780, 1783, 1784, 1789, 1794, 1795, 1796, 1797], "excluded_lines": [1800, 1801], "executed_branches": [[72, -36], [72, 73], [87, 88], [87, 90], [105, 108], [137, 140], [149, 150], [149, 153], [154, 155], [154, 157], [162, 163], [162, 174], [163, 164], [165, 166], [166, 167], [185, 186], [185, 191], [187, 188], [193, 215], [231, -221], [231, 232], [233, 238], [241, 242], [377, 408], [420, 424], [424, 428], [436, 441], [448, 452], [454, 455], [503, 504], [503, 506], [507, 508], [507, 510], [525, 526], [525, 528], [526, 525], [526, 527], [539, 540], [539, 542], [540, 539], [540, 541], [564, 565], [564, 567], [570, 571], [570, 572], [579, 581], [579, 599], [581, 588], [596, 579], [609, 610], [609, 613], [624, -615], [624, 626], [626, 631], [631, 632], [642, 644], [642, 697], [644, 646], [644, 664], [657, 658], [664, 666], [664, 691], [684, 685], [691, 694], [698, 700], [698, 717], [705, 706], [705, 709], [706, 705], [709, 710], [730, 731], [755, 756], [755, 763], [764, 765], [764, 773], [766, 767], [785, 786], [785, 796], [800, 801], [800, 806], [801, 800], [801, 802], [802, 803], [808, 810], [808, 822], [815, 808], [815, 816], [816, 815], [816, 817], [818, 819], [822, 823], [822, 843], [831, 832], [831, 841], [835, 831], [906, 907], [906, 909], [910, 917], [918, 919], [918, 922], [922, 937], [938, 939], [938, 997], [940, 950], [950, 952], [953, 954], [953, 958], [965, 989], [989, 990], [989, 997], [990, 989], [997, 1037], [1037, 1042], [1054, 1059], [1065, 1072], [1072, 1078], [1079, 1083], [1093, 1121], [1256, -1254], [1256, 1259], [1259, 1262], [1273, 1276], [1278, 1384], [1388, 1442], [1450, 1487], [1487, 1489], [1509, 1513], [1513, 1517], [1517, 1535]], "missing_branches": [[105, 106], [137, 138], [163, 162], [165, 162], [166, 173], [187, 185], [193, 194], [204, 205], [204, 206], [233, 234], [241, 249], [249, 250], [249, 261], [265, 266], [265, 270], [280, 231], [280, 281], [284, 285], [284, 318], [301, 280], [301, 302], [305, 301], [305, 306], [333, 334], [333, 345], [335, 336], [335, 342], [353, 354], [353, 356], [357, 358], [357, 362], [358, 359], [358, 360], [362, 363], [362, 369], [364, 365], [364, 369], [365, 366], [365, 367], [377, 378], [383, 384], [383, 388], [420, 421], [424, 425], [436, 437], [448, 449], [454, 457], [468, 469], [468, 495], [470, 471], [470, 493], [471, 470], [471, 476], [482, 483], [482, 489], [483, 484], [483, 485], [485, 482], [485, 486], [487, 482], [487, 488], [493, 468], [493, 494], [581, 583], [583, 584], [583, 585], [596, 597], [626, 627], [631, 634], [657, 659], [684, 686], [691, 697], [706, 707], [709, 715], [730, 732], [766, 764], [802, 801], [818, 815], [835, 836], [858, 859], [858, 862], [862, 863], [862, 891], [863, 864], [863, 868], [868, 869], [868, 888], [870, 871], [870, 885], [872, 873], [872, 881], [891, 892], [891, 898], [910, 911], [922, 923], [926, 927], [926, 931], [940, 941], [943, 944], [943, 964], [950, 964], [965, 966], [967, 968], [967, 977], [970, 965], [970, 971], [977, 965], [977, 979], [980, 965], [980, 981], [990, 991], [997, 998], [999, 1000], [999, 1033], [1000, 1001], [1000, 1031], [1004, 1005], [1004, 1010], [1010, 1011], [1010, 1020], [1013, 1014], [1013, 1020], [1020, 1021], [1020, 1029], [1023, 1024], [1023, 1029], [1037, 1038], [1054, 1055], [1065, 1066], [1066, 1065], [1066, 1068], [1069, 1065], [1069, 1070], [1072, 1073], [1079, 1080], [1093, 1095], [1095, 1097], [1095, 1103], [1103, 1105], [1103, 1111], [1111, 1113], [1111, 1121], [1132, 1133], [1132, 1137], [1134, 1135], [1134, 1137], [1153, 1154], [1153, 1161], [1177, 1178], [1177, 1242], [1184, 1186], [1184, 1212], [1197, 1198], [1197, 1231], [1198, 1199], [1198, 1202], [1207, 1197], [1207, 1208], [1212, 1214], [1212, 1231], [1214, 1215], [1214, 1218], [1226, 1212], [1226, 1227], [1231, 1232], [1231, 1237], [1237, 1177], [1237, 1238], [1242, -1143], [1242, 1243], [1259, 1260], [1273, 1384], [1278, 1280], [1295, 1296], [1295, 1301], [1296, 1295], [1296, 1297], [1305, 1306], [1305, 1311], [1311, 1312], [1311, 1345], [1317, 1319], [1317, 1324], [1319, 1320], [1319, 1324], [1320, 1319], [1320, 1321], [1324, 1325], [1324, 1345], [1327, 1328], [1327, 1336], [1329, 1330], [1329, 1336], [1336, 1337], [1336, 1341], [1345, 1346], [1345, 1361], [1347, 1348], [1347, 1361], [1348, 1347], [1348, 1349], [1350, 1352], [1350, 1356], [1362, 1363], [1362, 1374], [1363, 1364], [1363, 1367], [1374, 1375], [1374, 1381], [1375, 1374], [1375, 1376], [1388, 1389], [1391, 1394], [1391, 1439], [1395, 1396], [1395, 1439], [1396, 1398], [1396, 1430], [1407, 1409], [1407, 1439], [1410, 1411], [1410, 1415], [1411, 1410], [1411, 1412], [1415, 1416], [1415, 1423], [1436, 1437], [1436, 1439], [1450, 1452], [1452, 1454], [1452, 1469], [1469, 1471], [1469, 1477], [1477, 1479], [1477, 1487], [1487, 1500], [1509, 1510], [1513, 1514], [1517, 1518], [1526, 1527], [1526, 1535], [1527, 1526], [1527, 1528], [1528, 1527], [1528, 1529], [1574, 1575], [1574, 1595], [1575, 1577], [1575, 1582], [1582, 1586], [1582, 1591], [1595, 1596], [1595, 1600], [1601, 1602], [1601, 1618], [1606, 1607], [1606, 1615], [1619, 1620], [1619, 1638], [1624, 1625], [1624, 1635], [1655, 1656], [1655, 1659], [1672, 1673], [1672, 1711], [1676, 1677], [1676, 1680], [1684, 1685], [1684, 1707], [1689, 1690], [1689, 1693], [1694, 1695], [1694, 1697], [1697, 1698], [1697, 1704], [1707, 1672], [1707, 1708], [1711, 1712], [1711, 1721], [1725, 1726], [1725, 1729], [1744, 1745], [1744, 1783], [1748, 1749], [1748, 1754], [1758, 1760], [1758, 1779], [1760, 1761], [1760, 1764], [1767, 1768], [1767, 1776], [1779, 1744], [1779, 1780], [1783, 1784], [1783, 1789]], "functions": {"MetabaseImporter.__init__": {"executed_lines": [38, 39, 46, 47, 48, 49, 52, 53, 54, 57, 59, 62, 64, 67, 68, 71, 72, 73, 74, 76, 77], "summary": {"covered_lines": 21, "num_statements": 21, "percent_covered": 100.0, "percent_covered_display": "100.00", "missing_lines": 0, "excluded_lines": 0, "num_branches": 2, "num_partial_branches": 0, "covered_branches": 2, "missing_branches": 0}, "missing_lines": [], "excluded_lines": [], "executed_branches": [[72, -36], [72, 73]], "missing_branches": []}, "MetabaseImporter.run_import": {"executed_lines": [81, 82, 84, 85, 87, 88, 90, 92, 93, 94, 95, 96, 97, 98, 99, 100], "summary": {"covered_lines": 16, "num_statements": 16, "percent_covered": 100.0, "percent_covered_display": "100.00", "missing_lines": 0, "excluded_lines": 0, "num_branches": 2, "num_partial_branches": 0, "covered_branches": 2, "missing_branches": 0}, "missing_lines": [], "excluded_lines": [], "executed_branches": [[87, 88], [87, 90]], "missing_branches": []}, "MetabaseImporter._load_export_package": {"executed_lines": [104, 105, 108, 111, 115, 116, 119, 120, 122, 136, 137, 140, 141, 144], "summary": {"covered_lines": 14, "num_statements": 16, "percent_covered": 80.0, "percent_covered_display": "80.00", "missing_lines": 2, "excluded_lines": 0, "num_branches": 4, "num_partial_branches": 2, "covered_branches": 2, "missing_branches": 2}, "missing_lines": [106, 138], "excluded_lines": [], "executed_branches": [[105, 108], [137, 140]], "missing_branches": [[105, 106], [137, 138]]}, "MetabaseImporter._resolve_db_id": {"executed_lines": [149, 150, 153, 154, 155, 157], "summary": {"covered_lines": 6, "num_statements": 6, "percent_covered": 100.0, "percent_covered_display": "100.00", "missing_lines": 0, "excluded_lines": 0, "num_branches": 4, "num_partial_branches": 0, "covered_branches": 4, "missing_branches": 0}, "missing_lines": [], "excluded_lines": [], "executed_branches": [[149, 150], [149, 153], [154, 155], [154, 157]], "missing_branches": []}, "MetabaseImporter._validate_database_mappings": {"executed_lines": [161, 162, 163, 164, 165, 166, 167, 173, 174], "summary": {"covered_lines": 9, "num_statements": 9, "percent_covered": 82.3529411764706, "percent_covered_display": "82.35", "missing_lines": 0, "excluded_lines": 0, "num_branches": 8, "num_partial_branches": 3, "covered_branches": 5, "missing_branches": 3}, "missing_lines": [], "excluded_lines": [], "executed_branches": [[162, 163], [162, 174], [163, 164], [165, 166], [166, 167]], "missing_branches": [[163, 162], [165, 162], [166, 173]]}, "MetabaseImporter._validate_target_databases": {"executed_lines": [178, 179, 180, 184, 185, 186, 187, 188, 191, 193, 215], "summary": {"covered_lines": 11, "num_statements": 30, "percent_covered": 39.473684210526315, "percent_covered_display": "39.47", "missing_lines": 19, "excluded_lines": 0, "num_branches": 8, "num_partial_branches": 2, "covered_branches": 4, "missing_branches": 4}, "missing_lines": [194, 195, 196, 197, 200, 201, 202, 203, 204, 205, 206, 207, 208, 209, 212, 213, 217, 218, 219], "excluded_lines": [], "executed_branches": [[185, 186], [185, 191], [187, 188], [193, 215]], "missing_branches": [[187, 185], [193, 194], [204, 205], [204, 206]]}, "MetabaseImporter._build_table_and_field_mappings": {"executed_lines": [227, 229, 231, 232, 233, 238, 239, 241, 242, 246], "summary": {"covered_lines": 10, "num_statements": 50, "percent_covered": 20.58823529411765, "percent_covered_display": "20.59", "missing_lines": 40, "excluded_lines": 0, "num_branches": 18, "num_partial_branches": 2, "covered_branches": 4, "missing_branches": 14}, "missing_lines": [234, 235, 249, 250, 251, 252, 253, 254, 255, 259, 261, 263, 264, 265, 266, 270, 274, 280, 281, 282, 284, 285, 286, 289, 290, 292, 298, 299, 301, 302, 303, 305, 306, 307, 310, 311, 313, 318, 324, 325], "excluded_lines": [], "executed_branches": [[231, -221], [231, 232], [233, 238], [241, 242]], "missing_branches": [[233, 234], [241, 249], [249, 250], [249, 261], [265, 266], [265, 270], [280, 231], [280, 281], [284, 285], [284, 318], [301, 280], [301, 302], [305, 301], [305, 306]]}, "MetabaseImporter._perform_dry_run": {"executed_lines": [], "summary": {"covered_lines": 0, "num_statements": 28, "percent_covered": 0.0, "percent_covered_display": "0.00", "missing_lines": 28, "excluded_lines": 0, "num_branches": 16, "num_partial_branches": 0, "covered_branches": 0, "missing_branches": 16}, "missing_lines": [330, 332, 333, 334, 335, 336, 339, 342, 343, 345, 349, 350, 352, 353, 354, 356, 357, 358, 359, 360, 362, 363, 364, 365, 366, 367, 369, 370], "excluded_lines": [], "executed_branches": [], "missing_branches": [[333, 334], [333, 345], [335, 336], [335, 342], [353, 354], [353, 356], [357, 358], [357, 362], [358, 359], [358, 360], [362, 363], [362, 369], [364, 365], [364, 369], [365, 366], [365, 367]]}, "MetabaseImporter._perform_import": {"executed_lines": [374, 376, 377, 408, 409, 412, 413, 415, 416, 418, 419, 420, 424, 428, 429, 430, 433, 436, 441, 445, 446, 448, 452, 454, 455, 456, 457], "summary": {"covered_lines": 27, "num_statements": 61, "percent_covered": 44.0, "percent_covered_display": "44.00", "missing_lines": 34, "excluded_lines": 0, "num_branches": 14, "num_partial_branches": 6, "covered_branches": 6, "missing_branches": 8}, "missing_lines": [378, 379, 380, 381, 382, 383, 384, 385, 386, 387, 388, 389, 390, 391, 392, 393, 394, 395, 396, 397, 398, 399, 400, 401, 402, 403, 404, 405, 421, 425, 426, 437, 449, 450], "excluded_lines": [], "executed_branches": [[377, 408], [420, 424], [424, 428], [436, 441], [448, 452], [454, 455]], "missing_branches": [[377, 378], [383, 384], [383, 388], [420, 421], [424, 425], [436, 437], [448, 449], [454, 457]]}, "MetabaseImporter._find_target_collection_by_path": {"executed_lines": [], "summary": {"covered_lines": 0, "num_statements": 16, "percent_covered": 0.0, "percent_covered_display": "0.00", "missing_lines": 16, "excluded_lines": 0, "num_branches": 8, "num_partial_branches": 0, "covered_branches": 0, "missing_branches": 8}, "missing_lines": [463, 465, 466, 468, 469, 470, 471, 476, 477, 478, 481, 491, 492, 493, 494, 495], "excluded_lines": [], "executed_branches": [], "missing_branches": [[468, 469], [468, 495], [470, 471], [470, 493], [471, 470], [471, 476], [493, 468], [493, 494]]}, "MetabaseImporter._find_target_collection_by_path.find_in_tree": {"executed_lines": [], "summary": {"covered_lines": 0, "num_statements": 8, "percent_covered": 0.0, "percent_covered_display": "0.00", "missing_lines": 8, "excluded_lines": 0, "num_branches": 8, "num_partial_branches": 0, "covered_branches": 0, "missing_branches": 8}, "missing_lines": [482, 483, 484, 485, 486, 487, 488, 489], "excluded_lines": [], "executed_branches": [], "missing_branches": [[482, 483], [482, 489], [483, 484], [483, 485], [485, 482], [485, 486], [487, 482], [487, 488]]}, "MetabaseImporter._get_collection_items_cached": {"executed_lines": [503, 504, 506, 507, 508, 510, 511, 512], "summary": {"covered_lines": 8, "num_statements": 8, "percent_covered": 100.0, "percent_covered_display": "100.00", "missing_lines": 0, "excluded_lines": 0, "num_branches": 4, "num_partial_branches": 0, "covered_branches": 4, "missing_branches": 0}, "missing_lines": [], "excluded_lines": [], "executed_branches": [[503, 504], [503, 506], [507, 508], [507, 510]], "missing_branches": []}, "MetabaseImporter._find_existing_card_in_collection": {"executed_lines": [523, 524, 525, 526, 527, 528, 529, 530, 531], "summary": {"covered_lines": 9, "num_statements": 9, "percent_covered": 100.0, "percent_covered_display": "100.00", "missing_lines": 0, "excluded_lines": 0, "num_branches": 4, "num_partial_branches": 0, "covered_branches": 4, "missing_branches": 0}, "missing_lines": [], "excluded_lines": [], "executed_branches": [[525, 526], [525, 528], [526, 525], [526, 527]], "missing_branches": []}, "MetabaseImporter._find_existing_dashboard_in_collection": {"executed_lines": [537, 538, 539, 540, 541, 542], "summary": {"covered_lines": 6, "num_statements": 9, "percent_covered": 76.92307692307692, "percent_covered_display": "76.92", "missing_lines": 3, "excluded_lines": 0, "num_branches": 4, "num_partial_branches": 0, "covered_branches": 4, "missing_branches": 0}, "missing_lines": [543, 544, 545], "excluded_lines": [], "executed_branches": [[539, 540], [539, 542], [540, 539], [540, 541]], "missing_branches": []}, "MetabaseImporter._generate_unique_name": {"executed_lines": [555, 556, 557, 558, 564, 565, 567, 568, 569, 570, 571, 572], "summary": {"covered_lines": 12, "num_statements": 14, "percent_covered": 88.88888888888889, "percent_covered_display": "88.89", "missing_lines": 2, "excluded_lines": 0, "num_branches": 4, "num_partial_branches": 0, "covered_branches": 4, "missing_branches": 0}, "missing_lines": [559, 562], "excluded_lines": [], "executed_branches": [[564, 565], [564, 567], [570, 571], [570, 572]], "missing_branches": []}, "MetabaseImporter._flatten_collection_tree": {"executed_lines": [578, 579, 581, 588, 593, 596, 599], "summary": {"covered_lines": 7, "num_statements": 11, "percent_covered": 57.89473684210526, "percent_covered_display": "57.89", "missing_lines": 4, "excluded_lines": 0, "num_branches": 8, "num_partial_branches": 2, "covered_branches": 4, "missing_branches": 4}, "missing_lines": [583, 584, 585, 597], "excluded_lines": [], "executed_branches": [[579, 581], [579, 599], [581, 588], [596, 579]], "missing_branches": [[581, 583], [583, 584], [583, 585], [596, 597]]}, "MetabaseImporter._build_collection_index": {"executed_lines": [607, 608, 609, 610, 612, 613], "summary": {"covered_lines": 6, "num_statements": 6, "percent_covered": 100.0, "percent_covered_display": "100.00", "missing_lines": 0, "excluded_lines": 0, "num_branches": 2, "num_partial_branches": 0, "covered_branches": 2, "missing_branches": 0}, "missing_lines": [], "excluded_lines": [], "executed_branches": [[609, 610], [609, 613]], "missing_branches": []}, "MetabaseImporter._import_collections": {"executed_lines": [621, 622, 624, 626, 631, 632, 634, 635, 640, 642, 644, 646, 647, 657, 658, 659, 662, 664, 666, 671, 674, 675, 684, 685, 686, 689, 691, 694, 697, 698, 700, 701, 702, 704, 705, 706, 709, 710, 711, 714, 717, 723, 724, 725, 730, 731, 732], "summary": {"covered_lines": 47, "num_statements": 55, "percent_covered": 80.72289156626506, "percent_covered_display": "80.72", "missing_lines": 8, "excluded_lines": 0, "num_branches": 28, "num_partial_branches": 8, "covered_branches": 20, "missing_branches": 8}, "missing_lines": [627, 628, 707, 708, 715, 734, 735, 736], "excluded_lines": [], "executed_branches": [[624, -615], [624, 626], [626, 631], [631, 632], [642, 644], [642, 697], [644, 646], [644, 664], [657, 658], [664, 666], [664, 691], [684, 685], [691, 694], [698, 700], [698, 717], [705, 706], [705, 709], [706, 705], [709, 710], [730, 731]], "missing_branches": [[626, 627], [631, 634], [657, 659], [684, 686], [691, 697], [706, 707], [709, 715], [730, 732]]}, "MetabaseImporter._extract_card_dependencies": {"executed_lines": [747, 750, 751, 754, 755, 756, 757, 758, 763, 764, 765, 766, 767, 768, 769, 773], "summary": {"covered_lines": 16, "num_statements": 20, "percent_covered": 80.76923076923077, "percent_covered_display": "80.77", "missing_lines": 4, "excluded_lines": 0, "num_branches": 6, "num_partial_branches": 1, "covered_branches": 5, "missing_branches": 1}, "missing_lines": [759, 760, 770, 771], "excluded_lines": [], "executed_branches": [[755, 756], [755, 763], [764, 765], [764, 773], [766, 767]], "missing_branches": [[766, 764]]}, "MetabaseImporter._topological_sort_cards": {"executed_lines": [781, 784, 785, 786, 787, 788, 790, 796, 797, 800, 801, 802, 803, 806, 808, 810, 811, 812, 815, 816, 817, 818, 819, 822, 823, 828, 831, 832, 833, 834, 835, 841, 843], "summary": {"covered_lines": 33, "num_statements": 37, "percent_covered": 88.13559322033899, "percent_covered_display": "88.14", "missing_lines": 4, "excluded_lines": 0, "num_branches": 22, "num_partial_branches": 3, "covered_branches": 19, "missing_branches": 3}, "missing_lines": [791, 792, 793, 836], "excluded_lines": [], "executed_branches": [[785, 786], [785, 796], [800, 801], [800, 806], [801, 800], [801, 802], [802, 803], [808, 810], [808, 822], [815, 808], [815, 816], [816, 815], [816, 817], [818, 819], [822, 823], [822, 843], [831, 832], [831, 841], [835, 831]], "missing_branches": [[802, 801], [818, 815], [835, 836]]}, "MetabaseImporter._remap_field_ids_recursively": {"executed_lines": [], "summary": {"covered_lines": 0, "num_statements": 21, "percent_covered": 0.0, "percent_covered_display": "0.00", "missing_lines": 21, "excluded_lines": 0, "num_branches": 14, "num_partial_branches": 0, "covered_branches": 0, "missing_branches": 14}, "missing_lines": [858, 859, 862, 863, 864, 868, 869, 870, 871, 872, 873, 874, 875, 876, 879, 881, 885, 888, 891, 892, 898], "excluded_lines": [], "executed_branches": [], "missing_branches": [[858, 859], [858, 862], [862, 863], [862, 891], [863, 864], [863, 868], [868, 869], [868, 888], [870, 871], [870, 885], [872, 873], [872, 881], [891, 892], [891, 898]]}, "MetabaseImporter._remap_card_query": {"executed_lines": [902, 903, 905, 906, 907, 909, 910, 917, 918, 919, 922, 937, 938, 939, 940, 950, 952, 953, 954, 955, 956, 958, 964, 965, 989, 990, 997, 1037, 1042], "summary": {"covered_lines": 29, "num_statements": 82, "percent_covered": 35.07462686567164, "percent_covered_display": "35.07", "missing_lines": 53, "excluded_lines": 0, "num_branches": 52, "num_partial_branches": 8, "covered_branches": 18, "missing_branches": 34}, "missing_lines": [911, 923, 925, 926, 927, 928, 929, 931, 941, 942, 943, 944, 945, 948, 949, 966, 967, 968, 969, 970, 971, 972, 975, 976, 977, 979, 980, 981, 982, 983, 991, 998, 999, 1000, 1001, 1004, 1005, 1010, 1011, 1012, 1013, 1014, 1015, 1020, 1021, 1022, 1023, 1024, 1025, 1029, 1031, 1033, 1038], "excluded_lines": [], "executed_branches": [[906, 907], [906, 909], [910, 917], [918, 919], [918, 922], [922, 937], [938, 939], [938, 997], [940, 950], [950, 952], [953, 954], [953, 958], [965, 989], [989, 990], [989, 997], [990, 989], [997, 1037], [1037, 1042]], "missing_branches": [[910, 911], [922, 923], [926, 927], [926, 931], [940, 941], [943, 944], [943, 964], [950, 964], [965, 966], [967, 968], [967, 977], [970, 965], [970, 971], [977, 965], [977, 979], [980, 965], [980, 981], [990, 991], [997, 998], [999, 1000], [999, 1033], [1000, 1001], [1000, 1031], [1004, 1005], [1004, 1010], [1010, 1011], [1010, 1020], [1013, 1014], [1013, 1020], [1020, 1021], [1020, 1029], [1023, 1024], [1023, 1029], [1037, 1038]]}, "MetabaseImporter._process_single_card": {"executed_lines": [1054, 1059, 1060, 1063, 1064, 1065, 1072, 1078, 1079, 1083, 1086, 1089, 1093, 1121, 1122, 1123, 1124, 1127, 1129, 1139, 1140, 1141], "summary": {"covered_lines": 22, "num_statements": 53, "percent_covered": 35.064935064935064, "percent_covered_display": "35.06", "missing_lines": 31, "excluded_lines": 0, "num_branches": 24, "num_partial_branches": 5, "covered_branches": 5, "missing_branches": 19}, "missing_lines": [1055, 1056, 1057, 1066, 1068, 1069, 1070, 1073, 1074, 1075, 1080, 1095, 1097, 1098, 1101, 1103, 1105, 1106, 1107, 1108, 1109, 1111, 1113, 1116, 1130, 1132, 1133, 1134, 1135, 1136, 1137], "excluded_lines": [], "executed_branches": [[1054, 1059], [1065, 1072], [1072, 1078], [1079, 1083], [1093, 1121]], "missing_branches": [[1054, 1055], [1065, 1066], [1066, 1065], [1066, 1068], [1069, 1065], [1069, 1070], [1072, 1073], [1079, 1080], [1093, 1095], [1095, 1097], [1095, 1103], [1103, 1105], [1103, 1111], [1111, 1113], [1111, 1121], [1132, 1133], [1132, 1137], [1134, 1135], [1134, 1137]]}, "MetabaseImporter._import_cards": {"executed_lines": [], "summary": {"covered_lines": 0, "num_statements": 43, "percent_covered": 0.0, "percent_covered_display": "0.00", "missing_lines": 43, "excluded_lines": 0, "num_branches": 24, "num_partial_branches": 0, "covered_branches": 0, "missing_branches": 24}, "missing_lines": [1146, 1153, 1154, 1158, 1161, 1162, 1165, 1166, 1167, 1173, 1174, 1175, 1177, 1178, 1179, 1181, 1184, 1186, 1197, 1198, 1199, 1202, 1207, 1208, 1209, 1212, 1214, 1215, 1218, 1221, 1226, 1227, 1228, 1231, 1232, 1233, 1234, 1237, 1238, 1239, 1242, 1243, 1244], "excluded_lines": [], "executed_branches": [], "missing_branches": [[1153, 1154], [1153, 1161], [1177, 1178], [1177, 1242], [1184, 1186], [1184, 1212], [1197, 1198], [1197, 1231], [1198, 1199], [1198, 1202], [1207, 1197], [1207, 1208], [1212, 1214], [1212, 1231], [1214, 1215], [1214, 1218], [1226, 1212], [1226, 1227], [1231, 1232], [1231, 1237], [1237, 1177], [1237, 1238], [1242, -1143], [1242, 1243]]}, "MetabaseImporter._import_cards_old_error_handling": {"executed_lines": [], "summary": {"covered_lines": 0, "num_statements": 1, "percent_covered": 0.0, "percent_covered_display": "0.00", "missing_lines": 1, "excluded_lines": 0, "num_branches": 0, "num_partial_branches": 0, "covered_branches": 0, "missing_branches": 0}, "missing_lines": [1250], "excluded_lines": [], "executed_branches": [], "missing_branches": []}, "MetabaseImporter._import_dashboards": {"executed_lines": [1256, 1259, 1262, 1263, 1266, 1269, 1272, 1273, 1276, 1278, 1384, 1385, 1386, 1388, 1442, 1446, 1447, 1448, 1450, 1487, 1489, 1495, 1496, 1497, 1500, 1509, 1513, 1517, 1535, 1537, 1539, 1551], "summary": {"covered_lines": 32, "num_statements": 124, "percent_covered": 20.476190476190474, "percent_covered_display": "20.48", "missing_lines": 92, "excluded_lines": 0, "num_branches": 86, "num_partial_branches": 9, "covered_branches": 11, "missing_branches": 75}, "missing_lines": [1260, 1280, 1283, 1295, 1296, 1297, 1301, 1302, 1305, 1306, 1311, 1312, 1315, 1316, 1317, 1319, 1320, 1321, 1322, 1324, 1325, 1327, 1328, 1329, 1330, 1336, 1337, 1341, 1345, 1346, 1347, 1348, 1349, 1350, 1352, 1356, 1361, 1362, 1363, 1364, 1367, 1370, 1374, 1375, 1376, 1377, 1381, 1389, 1391, 1394, 1395, 1396, 1398, 1401, 1407, 1409, 1410, 1411, 1412, 1413, 1415, 1416, 1423, 1430, 1435, 1436, 1437, 1439, 1452, 1454, 1464, 1467, 1469, 1471, 1472, 1473, 1477, 1479, 1482, 1510, 1514, 1518, 1519, 1525, 1526, 1527, 1528, 1529, 1532, 1555, 1556, 1559], "excluded_lines": [], "executed_branches": [[1256, -1254], [1256, 1259], [1259, 1262], [1273, 1276], [1278, 1384], [1388, 1442], [1450, 1487], [1487, 1489], [1509, 1513], [1513, 1517], [1517, 1535]], "missing_branches": [[1259, 1260], [1273, 1384], [1278, 1280], [1295, 1296], [1295, 1301], [1296, 1295], [1296, 1297], [1305, 1306], [1305, 1311], [1311, 1312], [1311, 1345], [1317, 1319], [1317, 1324], [1319, 1320], [1319, 1324], [1320, 1319], [1320, 1321], [1324, 1325], [1324, 1345], [1327, 1328], [1327, 1336], [1329, 1330], [1329, 1336], [1336, 1337], [1336, 1341], [1345, 1346], [1345, 1361], [1347, 1348], [1347, 1361], [1348, 1347], [1348, 1349], [1350, 1352], [1350, 1356], [1362, 1363], [1362, 1374], [1363, 1364], [1363, 1367], [1374, 1375], [1374, 1381], [1375, 1374], [1375, 1376], [1388, 1389], [1391, 1394], [1391, 1439], [1395, 1396], [1395, 1439], [1396, 1398], [1396, 1430], [1407, 1409], [1407, 1439], [1410, 1411], [1410, 1415], [1411, 1410], [1411, 1412], [1415, 1416], [1415, 1423], [1436, 1437], [1436, 1439], [1450, 1452], [1452, 1454], [1452, 1469], [1469, 1471], [1469, 1477], [1477, 1479], [1477, 1487], [1487, 1500], [1509, 1510], [1513, 1514], [1517, 1518], [1526, 1527], [1526, 1535], [1527, 1526], [1527, 1528], [1528, 1527], [1528, 1529]]}, "MetabaseImporter._import_permissions": {"executed_lines": [1565, 1567, 1568, 1569, 1572, 1574, 1649, 1650, 1651], "summary": {"covered_lines": 9, "num_statements": 51, "percent_covered": 13.432835820895523, "percent_covered_display": "13.43", "missing_lines": 42, "excluded_lines": 0, "num_branches": 16, "num_partial_branches": 2, "covered_branches": 0, "missing_branches": 16}, "missing_lines": [1575, 1577, 1578, 1579, 1582, 1586, 1591, 1595, 1596, 1597, 1600, 1601, 1602, 1603, 1606, 1607, 1608, 1609, 1610, 1611, 1612, 1613, 1615, 1618, 1619, 1620, 1621, 1624, 1625, 1626, 1629, 1630, 1631, 1632, 1633, 1635, 1638, 1639, 1640, 1641, 1644, 1647], "excluded_lines": [], "executed_branches": [], "missing_branches": [[1574, 1575], [1574, 1595], [1575, 1577], [1575, 1582], [1582, 1586], [1582, 1591], [1595, 1596], [1595, 1600], [1601, 1602], [1601, 1618], [1606, 1607], [1606, 1615], [1619, 1620], [1619, 1638], [1624, 1625], [1624, 1635]]}, "MetabaseImporter._remap_permissions_graph": {"executed_lines": [], "summary": {"covered_lines": 0, "num_statements": 37, "percent_covered": 0.0, "percent_covered_display": "0.00", "missing_lines": 37, "excluded_lines": 0, "num_branches": 18, "num_partial_branches": 0, "covered_branches": 0, "missing_branches": 18}, "missing_lines": [1655, 1656, 1659, 1660, 1661, 1662, 1663, 1664, 1665, 1667, 1670, 1672, 1673, 1676, 1677, 1678, 1680, 1681, 1684, 1685, 1688, 1689, 1690, 1693, 1694, 1695, 1697, 1698, 1699, 1704, 1705, 1707, 1708, 1711, 1712, 1716, 1721], "excluded_lines": [], "executed_branches": [], "missing_branches": [[1655, 1656], [1655, 1659], [1672, 1673], [1672, 1711], [1676, 1677], [1676, 1680], [1684, 1685], [1684, 1707], [1689, 1690], [1689, 1693], [1694, 1695], [1694, 1697], [1697, 1698], [1697, 1704], [1707, 1672], [1707, 1708], [1711, 1712], [1711, 1721]]}, "MetabaseImporter._remap_collection_permissions_graph": {"executed_lines": [], "summary": {"covered_lines": 0, "num_statements": 34, "percent_covered": 0.0, "percent_covered_display": "0.00", "missing_lines": 34, "excluded_lines": 0, "num_branches": 16, "num_partial_branches": 0, "covered_branches": 0, "missing_branches": 16}, "missing_lines": [1725, 1726, 1729, 1730, 1731, 1732, 1733, 1734, 1737, 1739, 1742, 1744, 1745, 1748, 1749, 1752, 1754, 1755, 1758, 1760, 1761, 1762, 1764, 1767, 1768, 1769, 1770, 1776, 1777, 1779, 1780, 1783, 1784, 1789], "excluded_lines": [], "executed_branches": [], "missing_branches": [[1725, 1726], [1725, 1729], [1744, 1745], [1744, 1783], [1748, 1749], [1748, 1754], [1758, 1760], [1758, 1779], [1760, 1761], [1760, 1764], [1767, 1768], [1767, 1776], [1779, 1744], [1779, 1780], [1783, 1784], [1783, 1789]]}, "main": {"executed_lines": [], "summary": {"covered_lines": 0, "num_statements": 4, "percent_covered": 0.0, "percent_covered_display": "0.00", "missing_lines": 4, "excluded_lines": 0, "num_branches": 0, "num_partial_branches": 0, "covered_branches": 0, "missing_branches": 0}, "missing_lines": [1794, 1795, 1796, 1797], "excluded_lines": [], "executed_branches": [], "missing_branches": []}, "": {"executed_lines": [1, 8, 9, 10, 11, 12, 13, 15, 17, 18, 19, 20, 21, 30, 33, 34, 36, 79, 102, 146, 159, 176, 221, 328, 372, 459, 497, 514, 533, 547, 574, 601, 615, 742, 775, 845, 900, 1044, 1143, 1246, 1254, 1563, 1653, 1723, 1792, 1800], "summary": {"covered_lines": 43, "num_statements": 43, "percent_covered": 100.0, "percent_covered_display": "100.00", "missing_lines": 0, "excluded_lines": 2, "num_branches": 0, "num_partial_branches": 0, "covered_branches": 0, "missing_branches": 0}, "missing_lines": [], "excluded_lines": [1800, 1801], "executed_branches": [], "missing_branches": []}}, "classes": {"MetabaseImporter": {"executed_lines": [38, 39, 46, 47, 48, 49, 52, 53, 54, 57, 59, 62, 64, 67, 68, 71, 72, 73, 74, 76, 77, 81, 82, 84, 85, 87, 88, 90, 92, 93, 94, 95, 96, 97, 98, 99, 100, 104, 105, 108, 111, 115, 116, 119, 120, 122, 136, 137, 140, 141, 144, 149, 150, 153, 154, 155, 157, 161, 162, 163, 164, 165, 166, 167, 173, 174, 178, 179, 180, 184, 185, 186, 187, 188, 191, 193, 215, 227, 229, 231, 232, 233, 238, 239, 241, 242, 246, 374, 376, 377, 408, 409, 412, 413, 415, 416, 418, 419, 420, 424, 428, 429, 430, 433, 436, 441, 445, 446, 448, 452, 454, 455, 456, 457, 503, 504, 506, 507, 508, 510, 511, 512, 523, 524, 525, 526, 527, 528, 529, 530, 531, 537, 538, 539, 540, 541, 542, 555, 556, 557, 558, 564, 565, 567, 568, 569, 570, 571, 572, 578, 579, 581, 588, 593, 596, 599, 607, 608, 609, 610, 612, 613, 621, 622, 624, 626, 631, 632, 634, 635, 640, 642, 644, 646, 647, 657, 658, 659, 662, 664, 666, 671, 674, 675, 684, 685, 686, 689, 691, 694, 697, 698, 700, 701, 702, 704, 705, 706, 709, 710, 711, 714, 717, 723, 724, 725, 730, 731, 732, 747, 750, 751, 754, 755, 756, 757, 758, 763, 764, 765, 766, 767, 768, 769, 773, 781, 784, 785, 786, 787, 788, 790, 796, 797, 800, 801, 802, 803, 806, 808, 810, 811, 812, 815, 816, 817, 818, 819, 822, 823, 828, 831, 832, 833, 834, 835, 841, 843, 902, 903, 905, 906, 907, 909, 910, 917, 918, 919, 922, 937, 938, 939, 940, 950, 952, 953, 954, 955, 956, 958, 964, 965, 989, 990, 997, 1037, 1042, 1054, 1059, 1060, 1063, 1064, 1065, 1072, 1078, 1079, 1083, 1086, 1089, 1093, 1121, 1122, 1123, 1124, 1127, 1129, 1139, 1140, 1141, 1256, 1259, 1262, 1263, 1266, 1269, 1272, 1273, 1276, 1278, 1384, 1385, 1386, 1388, 1442, 1446, 1447, 1448, 1450, 1487, 1489, 1495, 1496, 1497, 1500, 1509, 1513, 1517, 1535, 1537, 1539, 1551, 1565, 1567, 1568, 1569, 1572, 1574, 1649, 1650, 1651], "summary": {"covered_lines": 350, "num_statements": 876, "percent_covered": 36.84615384615385, "percent_covered_display": "36.85", "missing_lines": 526, "excluded_lines": 0, "num_branches": 424, "num_partial_branches": 53, "covered_branches": 129, "missing_branches": 295}, "missing_lines": [106, 138, 194, 195, 196, 197, 200, 201, 202, 203, 204, 205, 206, 207, 208, 209, 212, 213, 217, 218, 219, 234, 235, 249, 250, 251, 252, 253, 254, 255, 259, 261, 263, 264, 265, 266, 270, 274, 280, 281, 282, 284, 285, 286, 289, 290, 292, 298, 299, 301, 302, 303, 305, 306, 307, 310, 311, 313, 318, 324, 325, 330, 332, 333, 334, 335, 336, 339, 342, 343, 345, 349, 350, 352, 353, 354, 356, 357, 358, 359, 360, 362, 363, 364, 365, 366, 367, 369, 370, 378, 379, 380, 381, 382, 383, 384, 385, 386, 387, 388, 389, 390, 391, 392, 393, 394, 395, 396, 397, 398, 399, 400, 401, 402, 403, 404, 405, 421, 425, 426, 437, 449, 450, 463, 465, 466, 468, 469, 470, 471, 476, 477, 478, 481, 482, 483, 484, 485, 486, 487, 488, 489, 491, 492, 493, 494, 495, 543, 544, 545, 559, 562, 583, 584, 585, 597, 627, 628, 707, 708, 715, 734, 735, 736, 759, 760, 770, 771, 791, 792, 793, 836, 858, 859, 862, 863, 864, 868, 869, 870, 871, 872, 873, 874, 875, 876, 879, 881, 885, 888, 891, 892, 898, 911, 923, 925, 926, 927, 928, 929, 931, 941, 942, 943, 944, 945, 948, 949, 966, 967, 968, 969, 970, 971, 972, 975, 976, 977, 979, 980, 981, 982, 983, 991, 998, 999, 1000, 1001, 1004, 1005, 1010, 1011, 1012, 1013, 1014, 1015, 1020, 1021, 1022, 1023, 1024, 1025, 1029, 1031, 1033, 1038, 1055, 1056, 1057, 1066, 1068, 1069, 1070, 1073, 1074, 1075, 1080, 1095, 1097, 1098, 1101, 1103, 1105, 1106, 1107, 1108, 1109, 1111, 1113, 1116, 1130, 1132, 1133, 1134, 1135, 1136, 1137, 1146, 1153, 1154, 1158, 1161, 1162, 1165, 1166, 1167, 1173, 1174, 1175, 1177, 1178, 1179, 1181, 1184, 1186, 1197, 1198, 1199, 1202, 1207, 1208, 1209, 1212, 1214, 1215, 1218, 1221, 1226, 1227, 1228, 1231, 1232, 1233, 1234, 1237, 1238, 1239, 1242, 1243, 1244, 1250, 1260, 1280, 1283, 1295, 1296, 1297, 1301, 1302, 1305, 1306, 1311, 1312, 1315, 1316, 1317, 1319, 1320, 1321, 1322, 1324, 1325, 1327, 1328, 1329, 1330, 1336, 1337, 1341, 1345, 1346, 1347, 1348, 1349, 1350, 1352, 1356, 1361, 1362, 1363, 1364, 1367, 1370, 1374, 1375, 1376, 1377, 1381, 1389, 1391, 1394, 1395, 1396, 1398, 1401, 1407, 1409, 1410, 1411, 1412, 1413, 1415, 1416, 1423, 1430, 1435, 1436, 1437, 1439, 1452, 1454, 1464, 1467, 1469, 1471, 1472, 1473, 1477, 1479, 1482, 1510, 1514, 1518, 1519, 1525, 1526, 1527, 1528, 1529, 1532, 1555, 1556, 1559, 1575, 1577, 1578, 1579, 1582, 1586, 1591, 1595, 1596, 1597, 1600, 1601, 1602, 1603, 1606, 1607, 1608, 1609, 1610, 1611, 1612, 1613, 1615, 1618, 1619, 1620, 1621, 1624, 1625, 1626, 1629, 1630, 1631, 1632, 1633, 1635, 1638, 1639, 1640, 1641, 1644, 1647, 1655, 1656, 1659, 1660, 1661, 1662, 1663, 1664, 1665, 1667, 1670, 1672, 1673, 1676, 1677, 1678, 1680, 1681, 1684, 1685, 1688, 1689, 1690, 1693, 1694, 1695, 1697, 1698, 1699, 1704, 1705, 1707, 1708, 1711, 1712, 1716, 1721, 1725, 1726, 1729, 1730, 1731, 1732, 1733, 1734, 1737, 1739, 1742, 1744, 1745, 1748, 1749, 1752, 1754, 1755, 1758, 1760, 1761, 1762, 1764, 1767, 1768, 1769, 1770, 1776, 1777, 1779, 1780, 1783, 1784, 1789], "excluded_lines": [], "executed_branches": [[72, -36], [72, 73], [87, 88], [87, 90], [105, 108], [137, 140], [149, 150], [149, 153], [154, 155], [154, 157], [162, 163], [162, 174], [163, 164], [165, 166], [166, 167], [185, 186], [185, 191], [187, 188], [193, 215], [231, -221], [231, 232], [233, 238], [241, 242], [377, 408], [420, 424], [424, 428], [436, 441], [448, 452], [454, 455], [503, 504], [503, 506], [507, 508], [507, 510], [525, 526], [525, 528], [526, 525], [526, 527], [539, 540], [539, 542], [540, 539], [540, 541], [564, 565], [564, 567], [570, 571], [570, 572], [579, 581], [579, 599], [581, 588], [596, 579], [609, 610], [609, 613], [624, -615], [624, 626], [626, 631], [631, 632], [642, 644], [642, 697], [644, 646], [644, 664], [657, 658], [664, 666], [664, 691], [684, 685], [691, 694], [698, 700], [698, 717], [705, 706], [705, 709], [706, 705], [709, 710], [730, 731], [755, 756], [755, 763], [764, 765], [764, 773], [766, 767], [785, 786], [785, 796], [800, 801], [800, 806], [801, 800], [801, 802], [802, 803], [808, 810], [808, 822], [815, 808], [815, 816], [816, 815], [816, 817], [818, 819], [822, 823], [822, 843], [831, 832], [831, 841], [835, 831], [906, 907], [906, 909], [910, 917], [918, 919], [918, 922], [922, 937], [938, 939], [938, 997], [940, 950], [950, 952], [953, 954], [953, 958], [965, 989], [989, 990], [989, 997], [990, 989], [997, 1037], [1037, 1042], [1054, 1059], [1065, 1072], [1072, 1078], [1079, 1083], [1093, 1121], [1256, -1254], [1256, 1259], [1259, 1262], [1273, 1276], [1278, 1384], [1388, 1442], [1450, 1487], [1487, 1489], [1509, 1513], [1513, 1517], [1517, 1535]], "missing_branches": [[105, 106], [137, 138], [163, 162], [165, 162], [166, 173], [187, 185], [193, 194], [204, 205], [204, 206], [233, 234], [241, 249], [249, 250], [249, 261], [265, 266], [265, 270], [280, 231], [280, 281], [284, 285], [284, 318], [301, 280], [301, 302], [305, 301], [305, 306], [333, 334], [333, 345], [335, 336], [335, 342], [353, 354], [353, 356], [357, 358], [357, 362], [358, 359], [358, 360], [362, 363], [362, 369], [364, 365], [364, 369], [365, 366], [365, 367], [377, 378], [383, 384], [383, 388], [420, 421], [424, 425], [436, 437], [448, 449], [454, 457], [468, 469], [468, 495], [470, 471], [470, 493], [471, 470], [471, 476], [482, 483], [482, 489], [483, 484], [483, 485], [485, 482], [485, 486], [487, 482], [487, 488], [493, 468], [493, 494], [581, 583], [583, 584], [583, 585], [596, 597], [626, 627], [631, 634], [657, 659], [684, 686], [691, 697], [706, 707], [709, 715], [730, 732], [766, 764], [802, 801], [818, 815], [835, 836], [858, 859], [858, 862], [862, 863], [862, 891], [863, 864], [863, 868], [868, 869], [868, 888], [870, 871], [870, 885], [872, 873], [872, 881], [891, 892], [891, 898], [910, 911], [922, 923], [926, 927], [926, 931], [940, 941], [943, 944], [943, 964], [950, 964], [965, 966], [967, 968], [967, 977], [970, 965], [970, 971], [977, 965], [977, 979], [980, 965], [980, 981], [990, 991], [997, 998], [999, 1000], [999, 1033], [1000, 1001], [1000, 1031], [1004, 1005], [1004, 1010], [1010, 1011], [1010, 1020], [1013, 1014], [1013, 1020], [1020, 1021], [1020, 1029], [1023, 1024], [1023, 1029], [1037, 1038], [1054, 1055], [1065, 1066], [1066, 1065], [1066, 1068], [1069, 1065], [1069, 1070], [1072, 1073], [1079, 1080], [1093, 1095], [1095, 1097], [1095, 1103], [1103, 1105], [1103, 1111], [1111, 1113], [1111, 1121], [1132, 1133], [1132, 1137], [1134, 1135], [1134, 1137], [1153, 1154], [1153, 1161], [1177, 1178], [1177, 1242], [1184, 1186], [1184, 1212], [1197, 1198], [1197, 1231], [1198, 1199], [1198, 1202], [1207, 1197], [1207, 1208], [1212, 1214], [1212, 1231], [1214, 1215], [1214, 1218], [1226, 1212], [1226, 1227], [1231, 1232], [1231, 1237], [1237, 1177], [1237, 1238], [1242, -1143], [1242, 1243], [1259, 1260], [1273, 1384], [1278, 1280], [1295, 1296], [1295, 1301], [1296, 1295], [1296, 1297], [1305, 1306], [1305, 1311], [1311, 1312], [1311, 1345], [1317, 1319], [1317, 1324], [1319, 1320], [1319, 1324], [1320, 1319], [1320, 1321], [1324, 1325], [1324, 1345], [1327, 1328], [1327, 1336], [1329, 1330], [1329, 1336], [1336, 1337], [1336, 1341], [1345, 1346], [1345, 1361], [1347, 1348], [1347, 1361], [1348, 1347], [1348, 1349], [1350, 1352], [1350, 1356], [1362, 1363], [1362, 1374], [1363, 1364], [1363, 1367], [1374, 1375], [1374, 1381], [1375, 1374], [1375, 1376], [1388, 1389], [1391, 1394], [1391, 1439], [1395, 1396], [1395, 1439], [1396, 1398], [1396, 1430], [1407, 1409], [1407, 1439], [1410, 1411], [1410, 1415], [1411, 1410], [1411, 1412], [1415, 1416], [1415, 1423], [1436, 1437], [1436, 1439], [1450, 1452], [1452, 1454], [1452, 1469], [1469, 1471], [1469, 1477], [1477, 1479], [1477, 1487], [1487, 1500], [1509, 1510], [1513, 1514], [1517, 1518], [1526, 1527], [1526, 1535], [1527, 1526], [1527, 1528], [1528, 1527], [1528, 1529], [1574, 1575], [1574, 1595], [1575, 1577], [1575, 1582], [1582, 1586], [1582, 1591], [1595, 1596], [1595, 1600], [1601, 1602], [1601, 1618], [1606, 1607], [1606, 1615], [1619, 1620], [1619, 1638], [1624, 1625], [1624, 1635], [1655, 1656], [1655, 1659], [1672, 1673], [1672, 1711], [1676, 1677], [1676, 1680], [1684, 1685], [1684, 1707], [1689, 1690], [1689, 1693], [1694, 1695], [1694, 1697], [1697, 1698], [1697, 1704], [1707, 1672], [1707, 1708], [1711, 1712], [1711, 1721], [1725, 1726], [1725, 1729], [1744, 1745], [1744, 1783], [1748, 1749], [1748, 1754], [1758, 1760], [1758, 1779], [1760, 1761], [1760, 1764], [1767, 1768], [1767, 1776], [1779, 1744], [1779, 1780], [1783, 1784], [1783, 1789]]}, "": {"executed_lines": [1, 8, 9, 10, 11, 12, 13, 15, 17, 18, 19, 20, 21, 30, 33, 34, 36, 79, 102, 146, 159, 176, 221, 328, 372, 459, 497, 514, 533, 547, 574, 601, 615, 742, 775, 845, 900, 1044, 1143, 1246, 1254, 1563, 1653, 1723, 1792, 1800], "summary": {"covered_lines": 43, "num_statements": 47, "percent_covered": 91.48936170212765, "percent_covered_display": "91.49", "missing_lines": 4, "excluded_lines": 2, "num_branches": 0, "num_partial_branches": 0, "covered_branches": 0, "missing_branches": 0}, "missing_lines": [1794, 1795, 1796, 1797], "excluded_lines": [1800, 1801], "executed_branches": [], "missing_branches": []}}}, "lib/__init__.py": {"executed_lines": [1, 15, 16, 17, 19, 20, 21, 23], "summary": {"covered_lines": 7, "num_statements": 7, "percent_covered": 100.0, "percent_covered_display": "100.00", "missing_lines": 0, "excluded_lines": 0, "num_branches": 0, "num_partial_branches": 0, "covered_branches": 0, "missing_branches": 0}, "missing_lines": [], "excluded_lines": [], "executed_branches": [], "missing_branches": [], "functions": {"": {"executed_lines": [1, 15, 16, 17, 19, 20, 21, 23], "summary": {"covered_lines": 7, "num_statements": 7, "percent_covered": 100.0, "percent_covered_display": "100.00", "missing_lines": 0, "excluded_lines": 0, "num_branches": 0, "num_partial_branches": 0, "covered_branches": 0, "missing_branches": 0}, "missing_lines": [], "excluded_lines": [], "executed_branches": [], "missing_branches": []}}, "classes": {"": {"executed_lines": [1, 15, 16, 17, 19, 20, 21, 23], "summary": {"covered_lines": 7, "num_statements": 7, "percent_covered": 100.0, "percent_covered_display": "100.00", "missing_lines": 0, "excluded_lines": 0, "num_branches": 0, "num_partial_branches": 0, "covered_branches": 0, "missing_branches": 0}, "missing_lines": [], "excluded_lines": [], "executed_branches": [], "missing_branches": []}}}, "lib/client.py": {"executed_lines": [1, 6, 7, 8, 10, 11, 13, 15, 18, 19, 21, 23, 24, 25, 26, 28, 30, 33, 34, 36, 54, 83, 105, 119, 131, 166, 209, 213, 217, 223, 227, 231, 245, 249, 253, 257, 261, 265, 272, 276, 280, 284, 288, 292, 296, 300], "summary": {"covered_lines": 43, "num_statements": 152, "percent_covered": 23.118279569892472, "percent_covered_display": "23.12", "missing_lines": 109, "excluded_lines": 0, "num_branches": 34, "num_partial_branches": 0, "covered_branches": 0, "missing_branches": 34}, "missing_lines": [45, 46, 47, 48, 49, 50, 51, 52, 56, 57, 58, 60, 61, 65, 66, 67, 71, 72, 73, 74, 75, 76, 77, 78, 85, 88, 89, 90, 91, 93, 94, 95, 98, 99, 100, 101, 102, 103, 107, 108, 109, 116, 117, 133, 134, 135, 137, 138, 139, 140, 141, 143, 144, 145, 148, 149, 151, 152, 153, 155, 157, 160, 173, 174, 175, 177, 178, 184, 185, 188, 190, 191, 192, 193, 194, 195, 196, 197, 198, 199, 201, 205, 211, 215, 219, 225, 229, 233, 236, 237, 238, 239, 241, 242, 243, 247, 251, 255, 259, 263, 268, 274, 278, 282, 286, 290, 294, 298, 302], "excluded_lines": [], "executed_branches": [], "missing_branches": [[56, 57], [56, 60], [60, 61], [60, 65], [73, 74], [73, 75], [85, 88], [85, 98], [88, 89], [88, 90], [90, 91], [90, 93], [94, 95], [94, 98], [99, 100], [99, 101], [101, 102], [101, 103], [107, 108], [107, 109], [109, 116], [109, 117], [144, 145], [144, 148], [188, 190], [188, 192], [192, 193], [192, 201], [197, 198], [197, 199], [236, 237], [236, 238], [238, 239], [238, 241]], "functions": {"MetabaseAPIError.__init__": {"executed_lines": [23, 24, 25, 26], "summary": {"covered_lines": 4, "num_statements": 4, "percent_covered": 100.0, "percent_covered_display": "100.00", "missing_lines": 0, "excluded_lines": 0, "num_branches": 0, "num_partial_branches": 0, "covered_branches": 0, "missing_branches": 0}, "missing_lines": [], "excluded_lines": [], "executed_branches": [], "missing_branches": []}, "MetabaseAPIError.__str__": {"executed_lines": [30], "summary": {"covered_lines": 1, "num_statements": 1, "percent_covered": 100.0, "percent_covered_display": "100.00", "missing_lines": 0, "excluded_lines": 0, "num_branches": 0, "num_partial_branches": 0, "covered_branches": 0, "missing_branches": 0}, "missing_lines": [], "excluded_lines": [], "executed_branches": [], "missing_branches": []}, "MetabaseClient.__init__": {"executed_lines": [], "summary": {"covered_lines": 0, "num_statements": 8, "percent_covered": 0.0, "percent_covered_display": "0.00", "missing_lines": 8, "excluded_lines": 0, "num_branches": 0, "num_partial_branches": 0, "covered_branches": 0, "missing_branches": 0}, "missing_lines": [45, 46, 47, 48, 49, 50, 51, 52], "excluded_lines": [], "executed_branches": [], "missing_branches": []}, "MetabaseClient._authenticate": {"executed_lines": [], "summary": {"covered_lines": 0, "num_statements": 16, "percent_covered": 0.0, "percent_covered_display": "0.00", "missing_lines": 16, "excluded_lines": 0, "num_branches": 6, "num_partial_branches": 0, "covered_branches": 0, "missing_branches": 6}, "missing_lines": [56, 57, 58, 60, 61, 65, 66, 67, 71, 72, 73, 74, 75, 76, 77, 78], "excluded_lines": [], "executed_branches": [], "missing_branches": [[56, 57], [56, 60], [60, 61], [60, 65], [73, 74], [73, 75]]}, "MetabaseClient._prepare_headers": {"executed_lines": [], "summary": {"covered_lines": 0, "num_statements": 14, "percent_covered": 0.0, "percent_covered_display": "0.00", "missing_lines": 14, "excluded_lines": 0, "num_branches": 12, "num_partial_branches": 0, "covered_branches": 0, "missing_branches": 12}, "missing_lines": [85, 88, 89, 90, 91, 93, 94, 95, 98, 99, 100, 101, 102, 103], "excluded_lines": [], "executed_branches": [], "missing_branches": [[85, 88], [85, 98], [88, 89], [88, 90], [90, 91], [90, 93], [94, 95], [94, 98], [99, 100], [99, 101], [101, 102], [101, 103]]}, "MetabaseClient._should_retry": {"executed_lines": [], "summary": {"covered_lines": 0, "num_statements": 5, "percent_covered": 0.0, "percent_covered_display": "0.00", "missing_lines": 5, "excluded_lines": 0, "num_branches": 4, "num_partial_branches": 0, "covered_branches": 0, "missing_branches": 4}, "missing_lines": [107, 108, 109, 116, 117], "excluded_lines": [], "executed_branches": [], "missing_branches": [[107, 108], [107, 109], [109, 116], [109, 117]]}, "MetabaseClient._request": {"executed_lines": [], "summary": {"covered_lines": 0, "num_statements": 19, "percent_covered": 0.0, "percent_covered_display": "0.00", "missing_lines": 19, "excluded_lines": 0, "num_branches": 2, "num_partial_branches": 0, "covered_branches": 0, "missing_branches": 2}, "missing_lines": [133, 134, 135, 137, 138, 139, 140, 141, 143, 144, 145, 148, 149, 151, 152, 153, 155, 157, 160], "excluded_lines": [], "executed_branches": [], "missing_branches": [[144, 145], [144, 148]]}, "MetabaseClient._get_paginated": {"executed_lines": [], "summary": {"covered_lines": 0, "num_statements": 20, "percent_covered": 0.0, "percent_covered_display": "0.00", "missing_lines": 20, "excluded_lines": 0, "num_branches": 6, "num_partial_branches": 0, "covered_branches": 0, "missing_branches": 6}, "missing_lines": [173, 174, 175, 177, 178, 184, 185, 188, 190, 191, 192, 193, 194, 195, 196, 197, 198, 199, 201, 205], "excluded_lines": [], "executed_branches": [], "missing_branches": [[188, 190], [188, 192], [192, 193], [192, 201], [197, 198], [197, 199]]}, "MetabaseClient.get_collections_tree": {"executed_lines": [], "summary": {"covered_lines": 0, "num_statements": 1, "percent_covered": 0.0, "percent_covered_display": "0.00", "missing_lines": 1, "excluded_lines": 0, "num_branches": 0, "num_partial_branches": 0, "covered_branches": 0, "missing_branches": 0}, "missing_lines": [211], "excluded_lines": [], "executed_branches": [], "missing_branches": []}, "MetabaseClient.get_collection": {"executed_lines": [], "summary": {"covered_lines": 0, "num_statements": 1, "percent_covered": 0.0, "percent_covered_display": "0.00", "missing_lines": 1, "excluded_lines": 0, "num_branches": 0, "num_partial_branches": 0, "covered_branches": 0, "missing_branches": 0}, "missing_lines": [215], "excluded_lines": [], "executed_branches": [], "missing_branches": []}, "MetabaseClient.get_collection_items": {"executed_lines": [], "summary": {"covered_lines": 0, "num_statements": 1, "percent_covered": 0.0, "percent_covered_display": "0.00", "missing_lines": 1, "excluded_lines": 0, "num_branches": 0, "num_partial_branches": 0, "covered_branches": 0, "missing_branches": 0}, "missing_lines": [219], "excluded_lines": [], "executed_branches": [], "missing_branches": []}, "MetabaseClient.get_card": {"executed_lines": [], "summary": {"covered_lines": 0, "num_statements": 1, "percent_covered": 0.0, "percent_covered_display": "0.00", "missing_lines": 1, "excluded_lines": 0, "num_branches": 0, "num_partial_branches": 0, "covered_branches": 0, "missing_branches": 0}, "missing_lines": [225], "excluded_lines": [], "executed_branches": [], "missing_branches": []}, "MetabaseClient.get_dashboard": {"executed_lines": [], "summary": {"covered_lines": 0, "num_statements": 1, "percent_covered": 0.0, "percent_covered_display": "0.00", "missing_lines": 1, "excluded_lines": 0, "num_branches": 0, "num_partial_branches": 0, "covered_branches": 0, "missing_branches": 0}, "missing_lines": [229], "excluded_lines": [], "executed_branches": [], "missing_branches": []}, "MetabaseClient.get_databases": {"executed_lines": [], "summary": {"covered_lines": 0, "num_statements": 8, "percent_covered": 0.0, "percent_covered_display": "0.00", "missing_lines": 8, "excluded_lines": 0, "num_branches": 4, "num_partial_branches": 0, "covered_branches": 0, "missing_branches": 4}, "missing_lines": [233, 236, 237, 238, 239, 241, 242, 243], "excluded_lines": [], "executed_branches": [], "missing_branches": [[236, 237], [236, 238], [238, 239], [238, 241]]}, "MetabaseClient.create_collection": {"executed_lines": [], "summary": {"covered_lines": 0, "num_statements": 1, "percent_covered": 0.0, "percent_covered_display": "0.00", "missing_lines": 1, "excluded_lines": 0, "num_branches": 0, "num_partial_branches": 0, "covered_branches": 0, "missing_branches": 0}, "missing_lines": [247], "excluded_lines": [], "executed_branches": [], "missing_branches": []}, "MetabaseClient.update_collection": {"executed_lines": [], "summary": {"covered_lines": 0, "num_statements": 1, "percent_covered": 0.0, "percent_covered_display": "0.00", "missing_lines": 1, "excluded_lines": 0, "num_branches": 0, "num_partial_branches": 0, "covered_branches": 0, "missing_branches": 0}, "missing_lines": [251], "excluded_lines": [], "executed_branches": [], "missing_branches": []}, "MetabaseClient.create_card": {"executed_lines": [], "summary": {"covered_lines": 0, "num_statements": 1, "percent_covered": 0.0, "percent_covered_display": "0.00", "missing_lines": 1, "excluded_lines": 0, "num_branches": 0, "num_partial_branches": 0, "covered_branches": 0, "missing_branches": 0}, "missing_lines": [255], "excluded_lines": [], "executed_branches": [], "missing_branches": []}, "MetabaseClient.update_card": {"executed_lines": [], "summary": {"covered_lines": 0, "num_statements": 1, "percent_covered": 0.0, "percent_covered_display": "0.00", "missing_lines": 1, "excluded_lines": 0, "num_branches": 0, "num_partial_branches": 0, "covered_branches": 0, "missing_branches": 0}, "missing_lines": [259], "excluded_lines": [], "executed_branches": [], "missing_branches": []}, "MetabaseClient.create_dashboard": {"executed_lines": [], "summary": {"covered_lines": 0, "num_statements": 1, "percent_covered": 0.0, "percent_covered_display": "0.00", "missing_lines": 1, "excluded_lines": 0, "num_branches": 0, "num_partial_branches": 0, "covered_branches": 0, "missing_branches": 0}, "missing_lines": [263], "excluded_lines": [], "executed_branches": [], "missing_branches": []}, "MetabaseClient.update_dashboard": {"executed_lines": [], "summary": {"covered_lines": 0, "num_statements": 1, "percent_covered": 0.0, "percent_covered_display": "0.00", "missing_lines": 1, "excluded_lines": 0, "num_branches": 0, "num_partial_branches": 0, "covered_branches": 0, "missing_branches": 0}, "missing_lines": [268], "excluded_lines": [], "executed_branches": [], "missing_branches": []}, "MetabaseClient.get_permission_groups": {"executed_lines": [], "summary": {"covered_lines": 0, "num_statements": 1, "percent_covered": 0.0, "percent_covered_display": "0.00", "missing_lines": 1, "excluded_lines": 0, "num_branches": 0, "num_partial_branches": 0, "covered_branches": 0, "missing_branches": 0}, "missing_lines": [274], "excluded_lines": [], "executed_branches": [], "missing_branches": []}, "MetabaseClient.get_permissions_graph": {"executed_lines": [], "summary": {"covered_lines": 0, "num_statements": 1, "percent_covered": 0.0, "percent_covered_display": "0.00", "missing_lines": 1, "excluded_lines": 0, "num_branches": 0, "num_partial_branches": 0, "covered_branches": 0, "missing_branches": 0}, "missing_lines": [278], "excluded_lines": [], "executed_branches": [], "missing_branches": []}, "MetabaseClient.update_permissions_graph": {"executed_lines": [], "summary": {"covered_lines": 0, "num_statements": 1, "percent_covered": 0.0, "percent_covered_display": "0.00", "missing_lines": 1, "excluded_lines": 0, "num_branches": 0, "num_partial_branches": 0, "covered_branches": 0, "missing_branches": 0}, "missing_lines": [282], "excluded_lines": [], "executed_branches": [], "missing_branches": []}, "MetabaseClient.get_collection_permissions_graph": {"executed_lines": [], "summary": {"covered_lines": 0, "num_statements": 1, "percent_covered": 0.0, "percent_covered_display": "0.00", "missing_lines": 1, "excluded_lines": 0, "num_branches": 0, "num_partial_branches": 0, "covered_branches": 0, "missing_branches": 0}, "missing_lines": [286], "excluded_lines": [], "executed_branches": [], "missing_branches": []}, "MetabaseClient.update_collection_permissions_graph": {"executed_lines": [], "summary": {"covered_lines": 0, "num_statements": 1, "percent_covered": 0.0, "percent_covered_display": "0.00", "missing_lines": 1, "excluded_lines": 0, "num_branches": 0, "num_partial_branches": 0, "covered_branches": 0, "missing_branches": 0}, "missing_lines": [290], "excluded_lines": [], "executed_branches": [], "missing_branches": []}, "MetabaseClient.get_database_metadata": {"executed_lines": [], "summary": {"covered_lines": 0, "num_statements": 1, "percent_covered": 0.0, "percent_covered_display": "0.00", "missing_lines": 1, "excluded_lines": 0, "num_branches": 0, "num_partial_branches": 0, "covered_branches": 0, "missing_branches": 0}, "missing_lines": [294], "excluded_lines": [], "executed_branches": [], "missing_branches": []}, "MetabaseClient.get_table": {"executed_lines": [], "summary": {"covered_lines": 0, "num_statements": 1, "percent_covered": 0.0, "percent_covered_display": "0.00", "missing_lines": 1, "excluded_lines": 0, "num_branches": 0, "num_partial_branches": 0, "covered_branches": 0, "missing_branches": 0}, "missing_lines": [298], "excluded_lines": [], "executed_branches": [], "missing_branches": []}, "MetabaseClient.get_field": {"executed_lines": [], "summary": {"covered_lines": 0, "num_statements": 1, "percent_covered": 0.0, "percent_covered_display": "0.00", "missing_lines": 1, "excluded_lines": 0, "num_branches": 0, "num_partial_branches": 0, "covered_branches": 0, "missing_branches": 0}, "missing_lines": [302], "excluded_lines": [], "executed_branches": [], "missing_branches": []}, "": {"executed_lines": [1, 6, 7, 8, 10, 11, 13, 15, 18, 19, 21, 28, 33, 34, 36, 54, 83, 105, 119, 131, 166, 209, 213, 217, 223, 227, 231, 245, 249, 253, 257, 261, 265, 272, 276, 280, 284, 288, 292, 296, 300], "summary": {"covered_lines": 38, "num_statements": 38, "percent_covered": 100.0, "percent_covered_display": "100.00", "missing_lines": 0, "excluded_lines": 0, "num_branches": 0, "num_partial_branches": 0, "covered_branches": 0, "missing_branches": 0}, "missing_lines": [], "excluded_lines": [], "executed_branches": [], "missing_branches": []}}, "classes": {"MetabaseAPIError": {"executed_lines": [23, 24, 25, 26, 30], "summary": {"covered_lines": 5, "num_statements": 5, "percent_covered": 100.0, "percent_covered_display": "100.00", "missing_lines": 0, "excluded_lines": 0, "num_branches": 0, "num_partial_branches": 0, "covered_branches": 0, "missing_branches": 0}, "missing_lines": [], "excluded_lines": [], "executed_branches": [], "missing_branches": []}, "MetabaseClient": {"executed_lines": [], "summary": {"covered_lines": 0, "num_statements": 109, "percent_covered": 0.0, "percent_covered_display": "0.00", "missing_lines": 109, "excluded_lines": 0, "num_branches": 34, "num_partial_branches": 0, "covered_branches": 0, "missing_branches": 34}, "missing_lines": [45, 46, 47, 48, 49, 50, 51, 52, 56, 57, 58, 60, 61, 65, 66, 67, 71, 72, 73, 74, 75, 76, 77, 78, 85, 88, 89, 90, 91, 93, 94, 95, 98, 99, 100, 101, 102, 103, 107, 108, 109, 116, 117, 133, 134, 135, 137, 138, 139, 140, 141, 143, 144, 145, 148, 149, 151, 152, 153, 155, 157, 160, 173, 174, 175, 177, 178, 184, 185, 188, 190, 191, 192, 193, 194, 195, 196, 197, 198, 199, 201, 205, 211, 215, 219, 225, 229, 233, 236, 237, 238, 239, 241, 242, 243, 247, 251, 255, 259, 263, 268, 274, 278, 282, 286, 290, 294, 298, 302], "excluded_lines": [], "executed_branches": [], "missing_branches": [[56, 57], [56, 60], [60, 61], [60, 65], [73, 74], [73, 75], [85, 88], [85, 98], [88, 89], [88, 90], [90, 91], [90, 93], [94, 95], [94, 98], [99, 100], [99, 101], [101, 102], [101, 103], [107, 108], [107, 109], [109, 116], [109, 117], [144, 145], [144, 148], [188, 190], [188, 192], [192, 193], [192, 201], [197, 198], [197, 199], [236, 237], [236, 238], [238, 239], [238, 241]]}, "": {"executed_lines": [1, 6, 7, 8, 10, 11, 13, 15, 18, 19, 21, 28, 33, 34, 36, 54, 83, 105, 119, 131, 166, 209, 213, 217, 223, 227, 231, 245, 249, 253, 257, 261, 265, 272, 276, 280, 284, 288, 292, 296, 300], "summary": {"covered_lines": 38, "num_statements": 38, "percent_covered": 100.0, "percent_covered_display": "100.00", "missing_lines": 0, "excluded_lines": 0, "num_branches": 0, "num_partial_branches": 0, "covered_branches": 0, "missing_branches": 0}, "missing_lines": [], "excluded_lines": [], "executed_branches": [], "missing_branches": []}}}, "lib/config.py": {"executed_lines": [1, 3, 4, 5, 6, 8, 11, 12, 13, 15, 16, 17, 18, 19, 20, 21, 22, 23, 24, 25, 28, 29, 30, 32, 33, 34, 35, 36, 37, 38, 39, 40, 41, 42, 43, 46, 47, 48, 49, 50, 53, 128], "summary": {"covered_lines": 39, "num_statements": 83, "percent_covered": 44.827586206896555, "percent_covered_display": "44.83", "missing_lines": 44, "excluded_lines": 0, "num_branches": 4, "num_partial_branches": 0, "covered_branches": 0, "missing_branches": 4}, "missing_lines": [55, 56, 59, 60, 63, 64, 67, 70, 74, 79, 82, 85, 90, 94, 101, 104, 105, 106, 109, 130, 131, 134, 135, 138, 145, 146, 149, 152, 156, 161, 167, 170, 173, 178, 186, 192, 198, 204, 209, 216, 219, 220, 221, 223], "excluded_lines": [], "executed_branches": [], "missing_branches": [[105, 106], [105, 109], [220, 221], [220, 223]], "functions": {"get_export_args": {"executed_lines": [], "summary": {"covered_lines": 0, "num_statements": 19, "percent_covered": 0.0, "percent_covered_display": "0.00", "missing_lines": 19, "excluded_lines": 0, "num_branches": 2, "num_partial_branches": 0, "covered_branches": 0, "missing_branches": 2}, "missing_lines": [55, 56, 59, 60, 63, 64, 67, 70, 74, 79, 82, 85, 90, 94, 101, 104, 105, 106, 109], "excluded_lines": [], "executed_branches": [], "missing_branches": [[105, 106], [105, 109]]}, "get_import_args": {"executed_lines": [], "summary": {"covered_lines": 0, "num_statements": 25, "percent_covered": 0.0, "percent_covered_display": "0.00", "missing_lines": 25, "excluded_lines": 0, "num_branches": 2, "num_partial_branches": 0, "covered_branches": 0, "missing_branches": 2}, "missing_lines": [130, 131, 134, 135, 138, 145, 146, 149, 152, 156, 161, 167, 170, 173, 178, 186, 192, 198, 204, 209, 216, 219, 220, 221, 223], "excluded_lines": [], "executed_branches": [], "missing_branches": [[220, 221], [220, 223]]}, "": {"executed_lines": [1, 3, 4, 5, 6, 8, 11, 12, 13, 15, 16, 17, 18, 19, 20, 21, 22, 23, 24, 25, 28, 29, 30, 32, 33, 34, 35, 36, 37, 38, 39, 40, 41, 42, 43, 46, 47, 48, 49, 50, 53, 128], "summary": {"covered_lines": 39, "num_statements": 39, "percent_covered": 100.0, "percent_covered_display": "100.00", "missing_lines": 0, "excluded_lines": 0, "num_branches": 0, "num_partial_branches": 0, "covered_branches": 0, "missing_branches": 0}, "missing_lines": [], "excluded_lines": [], "executed_branches": [], "missing_branches": []}}, "classes": {"ExportConfig": {"executed_lines": [], "summary": {"covered_lines": 0, "num_statements": 0, "percent_covered": 100.0, "percent_covered_display": "100.00", "missing_lines": 0, "excluded_lines": 0, "num_branches": 0, "num_partial_branches": 0, "covered_branches": 0, "missing_branches": 0}, "missing_lines": [], "excluded_lines": [], "executed_branches": [], "missing_branches": []}, "ImportConfig": {"executed_lines": [], "summary": {"covered_lines": 0, "num_statements": 0, "percent_covered": 100.0, "percent_covered_display": "100.00", "missing_lines": 0, "excluded_lines": 0, "num_branches": 0, "num_partial_branches": 0, "covered_branches": 0, "missing_branches": 0}, "missing_lines": [], "excluded_lines": [], "executed_branches": [], "missing_branches": []}, "": {"executed_lines": [1, 3, 4, 5, 6, 8, 11, 12, 13, 15, 16, 17, 18, 19, 20, 21, 22, 23, 24, 25, 28, 29, 30, 32, 33, 34, 35, 36, 37, 38, 39, 40, 41, 42, 43, 46, 47, 48, 49, 50, 53, 128], "summary": {"covered_lines": 39, "num_statements": 83, "percent_covered": 44.827586206896555, "percent_covered_display": "44.83", "missing_lines": 44, "excluded_lines": 0, "num_branches": 4, "num_partial_branches": 0, "covered_branches": 0, "missing_branches": 4}, "missing_lines": [55, 56, 59, 60, 63, 64, 67, 70, 74, 79, 82, 85, 90, 94, 101, 104, 105, 106, 109, 130, 131, 134, 135, 138, 145, 146, 149, 152, 156, 161, 167, 170, 173, 178, 186, 192, 198, 204, 209, 216, 219, 220, 221, 223], "excluded_lines": [], "executed_branches": [], "missing_branches": [[105, 106], [105, 109], [220, 221], [220, 223]]}}}, "lib/models.py": {"executed_lines": [1, 6, 8, 9, 14, 15, 16, 18, 19, 20, 21, 22, 23, 24, 27, 28, 29, 31, 32, 33, 34, 35, 36, 37, 38, 41, 42, 43, 45, 46, 47, 48, 49, 50, 51, 54, 55, 56, 58, 59, 60, 66, 67, 68, 70, 71, 72, 73, 76, 77, 78, 80, 81, 82, 83, 84, 85, 86, 87, 89, 95, 96, 97, 99, 100, 103, 104, 105, 107, 108, 109, 112, 113, 114, 116, 117, 118, 119, 120, 123, 124, 125, 127, 128, 131, 132, 133, 135, 136, 137, 138, 139, 140, 141, 143, 146, 149, 150, 153, 154, 155, 157, 164, 165, 167, 170, 173, 176, 177, 178, 179, 181, 183, 185, 187, 188, 189], "summary": {"covered_lines": 104, "num_statements": 108, "percent_covered": 91.80327868852459, "percent_covered_display": "91.80", "missing_lines": 4, "excluded_lines": 0, "num_branches": 14, "num_partial_branches": 6, "covered_branches": 8, "missing_branches": 6}, "missing_lines": [147, 171, 174, 186], "excluded_lines": [], "executed_branches": [[146, 149], [149, -143], [149, 150], [170, 173], [173, 176], [176, 177], [185, 187], [188, 189]], "missing_branches": [[146, 147], [170, 171], [173, 174], [176, -167], [185, 186], [188, -181]], "functions": {"ImportReportItem.__post_init__": {"executed_lines": [146, 149, 150], "summary": {"covered_lines": 3, "num_statements": 4, "percent_covered": 75.0, "percent_covered_display": "75.00", "missing_lines": 1, "excluded_lines": 0, "num_branches": 4, "num_partial_branches": 1, "covered_branches": 3, "missing_branches": 1}, "missing_lines": [147], "excluded_lines": [], "executed_branches": [[146, 149], [149, -143], [149, 150]], "missing_branches": [[146, 147]]}, "ImportReport.__post_init__": {"executed_lines": [170, 173, 176, 177, 178, 179], "summary": {"covered_lines": 6, "num_statements": 8, "percent_covered": 64.28571428571429, "percent_covered_display": "64.29", "missing_lines": 2, "excluded_lines": 0, "num_branches": 6, "num_partial_branches": 3, "covered_branches": 3, "missing_branches": 3}, "missing_lines": [171, 174], "excluded_lines": [], "executed_branches": [[170, 173], [173, 176], [176, 177]], "missing_branches": [[170, 171], [173, 174], [176, -167]]}, "ImportReport.add": {"executed_lines": [183, 185, 187, 188, 189], "summary": {"covered_lines": 5, "num_statements": 6, "percent_covered": 70.0, "percent_covered_display": "70.00", "missing_lines": 1, "excluded_lines": 0, "num_branches": 4, "num_partial_branches": 2, "covered_branches": 2, "missing_branches": 2}, "missing_lines": [186], "excluded_lines": [], "executed_branches": [[185, 187], [188, 189]], "missing_branches": [[185, 186], [188, -181]]}, "": {"executed_lines": [1, 6, 8, 9, 14, 15, 16, 18, 19, 20, 21, 22, 23, 24, 27, 28, 29, 31, 32, 33, 34, 35, 36, 37, 38, 41, 42, 43, 45, 46, 47, 48, 49, 50, 51, 54, 55, 56, 58, 59, 60, 66, 67, 68, 70, 71, 72, 73, 76, 77, 78, 80, 81, 82, 83, 84, 85, 86, 87, 89, 95, 96, 97, 99, 100, 103, 104, 105, 107, 108, 109, 112, 113, 114, 116, 117, 118, 119, 120, 123, 124, 125, 127, 128, 131, 132, 133, 135, 136, 137, 138, 139, 140, 141, 143, 153, 154, 155, 157, 164, 165, 167, 181], "summary": {"covered_lines": 90, "num_statements": 90, "percent_covered": 100.0, "percent_covered_display": "100.00", "missing_lines": 0, "excluded_lines": 0, "num_branches": 0, "num_partial_branches": 0, "covered_branches": 0, "missing_branches": 0}, "missing_lines": [], "excluded_lines": [], "executed_branches": [], "missing_branches": []}}, "classes": {"Collection": {"executed_lines": [], "summary": {"covered_lines": 0, "num_statements": 0, "percent_covered": 100.0, "percent_covered_display": "100.00", "missing_lines": 0, "excluded_lines": 0, "num_branches": 0, "num_partial_branches": 0, "covered_branches": 0, "missing_branches": 0}, "missing_lines": [], "excluded_lines": [], "executed_branches": [], "missing_branches": []}, "Card": {"executed_lines": [], "summary": {"covered_lines": 0, "num_statements": 0, "percent_covered": 100.0, "percent_covered_display": "100.00", "missing_lines": 0, "excluded_lines": 0, "num_branches": 0, "num_partial_branches": 0, "covered_branches": 0, "missing_branches": 0}, "missing_lines": [], "excluded_lines": [], "executed_branches": [], "missing_branches": []}, "Dashboard": {"executed_lines": [], "summary": {"covered_lines": 0, "num_statements": 0, "percent_covered": 100.0, "percent_covered_display": "100.00", "missing_lines": 0, "excluded_lines": 0, "num_branches": 0, "num_partial_branches": 0, "covered_branches": 0, "missing_branches": 0}, "missing_lines": [], "excluded_lines": [], "executed_branches": [], "missing_branches": []}, "PermissionGroup": {"executed_lines": [], "summary": {"covered_lines": 0, "num_statements": 0, "percent_covered": 100.0, "percent_covered_display": "100.00", "missing_lines": 0, "excluded_lines": 0, "num_branches": 0, "num_partial_branches": 0, "covered_branches": 0, "missing_branches": 0}, "missing_lines": [], "excluded_lines": [], "executed_branches": [], "missing_branches": []}, "ManifestMeta": {"executed_lines": [], "summary": {"covered_lines": 0, "num_statements": 0, "percent_covered": 100.0, "percent_covered_display": "100.00", "missing_lines": 0, "excluded_lines": 0, "num_branches": 0, "num_partial_branches": 0, "covered_branches": 0, "missing_branches": 0}, "missing_lines": [], "excluded_lines": [], "executed_branches": [], "missing_branches": []}, "Manifest": {"executed_lines": [], "summary": {"covered_lines": 0, "num_statements": 0, "percent_covered": 100.0, "percent_covered_display": "100.00", "missing_lines": 0, "excluded_lines": 0, "num_branches": 0, "num_partial_branches": 0, "covered_branches": 0, "missing_branches": 0}, "missing_lines": [], "excluded_lines": [], "executed_branches": [], "missing_branches": []}, "DatabaseMap": {"executed_lines": [], "summary": {"covered_lines": 0, "num_statements": 0, "percent_covered": 100.0, "percent_covered_display": "100.00", "missing_lines": 0, "excluded_lines": 0, "num_branches": 0, "num_partial_branches": 0, "covered_branches": 0, "missing_branches": 0}, "missing_lines": [], "excluded_lines": [], "executed_branches": [], "missing_branches": []}, "UnmappedDatabase": {"executed_lines": [], "summary": {"covered_lines": 0, "num_statements": 0, "percent_covered": 100.0, "percent_covered_display": "100.00", "missing_lines": 0, "excluded_lines": 0, "num_branches": 0, "num_partial_branches": 0, "covered_branches": 0, "missing_branches": 0}, "missing_lines": [], "excluded_lines": [], "executed_branches": [], "missing_branches": []}, "ImportAction": {"executed_lines": [], "summary": {"covered_lines": 0, "num_statements": 0, "percent_covered": 100.0, "percent_covered_display": "100.00", "missing_lines": 0, "excluded_lines": 0, "num_branches": 0, "num_partial_branches": 0, "covered_branches": 0, "missing_branches": 0}, "missing_lines": [], "excluded_lines": [], "executed_branches": [], "missing_branches": []}, "ImportPlan": {"executed_lines": [], "summary": {"covered_lines": 0, "num_statements": 0, "percent_covered": 100.0, "percent_covered_display": "100.00", "missing_lines": 0, "excluded_lines": 0, "num_branches": 0, "num_partial_branches": 0, "covered_branches": 0, "missing_branches": 0}, "missing_lines": [], "excluded_lines": [], "executed_branches": [], "missing_branches": []}, "ImportReportItem": {"executed_lines": [146, 149, 150], "summary": {"covered_lines": 3, "num_statements": 4, "percent_covered": 75.0, "percent_covered_display": "75.00", "missing_lines": 1, "excluded_lines": 0, "num_branches": 4, "num_partial_branches": 1, "covered_branches": 3, "missing_branches": 1}, "missing_lines": [147], "excluded_lines": [], "executed_branches": [[146, 149], [149, -143], [149, 150]], "missing_branches": [[146, 147]]}, "ImportReport": {"executed_lines": [170, 173, 176, 177, 178, 179, 183, 185, 187, 188, 189], "summary": {"covered_lines": 11, "num_statements": 14, "percent_covered": 66.66666666666667, "percent_covered_display": "66.67", "missing_lines": 3, "excluded_lines": 0, "num_branches": 10, "num_partial_branches": 5, "covered_branches": 5, "missing_branches": 5}, "missing_lines": [171, 174, 186], "excluded_lines": [], "executed_branches": [[170, 173], [173, 176], [176, 177], [185, 187], [188, 189]], "missing_branches": [[170, 171], [173, 174], [176, -167], [185, 186], [188, -181]]}, "": {"executed_lines": [1, 6, 8, 9, 14, 15, 16, 18, 19, 20, 21, 22, 23, 24, 27, 28, 29, 31, 32, 33, 34, 35, 36, 37, 38, 41, 42, 43, 45, 46, 47, 48, 49, 50, 51, 54, 55, 56, 58, 59, 60, 66, 67, 68, 70, 71, 72, 73, 76, 77, 78, 80, 81, 82, 83, 84, 85, 86, 87, 89, 95, 96, 97, 99, 100, 103, 104, 105, 107, 108, 109, 112, 113, 114, 116, 117, 118, 119, 120, 123, 124, 125, 127, 128, 131, 132, 133, 135, 136, 137, 138, 139, 140, 141, 143, 153, 154, 155, 157, 164, 165, 167, 181], "summary": {"covered_lines": 90, "num_statements": 90, "percent_covered": 100.0, "percent_covered_display": "100.00", "missing_lines": 0, "excluded_lines": 0, "num_branches": 0, "num_partial_branches": 0, "covered_branches": 0, "missing_branches": 0}, "missing_lines": [], "excluded_lines": [], "executed_branches": [], "missing_branches": []}}}, "lib/performance.py": {"executed_lines": [1, 7, 8, 9, 10, 11, 12, 13, 15, 17, 20, 21, 23, 29, 30, 31, 32, 34, 36, 39, 40, 43, 44, 46, 52, 55, 56, 58, 64, 65, 73, 75, 77, 78, 79, 80, 81, 88, 97, 99, 100, 101, 103, 109, 114, 116, 118, 120, 122, 126, 128, 130, 132, 134, 136, 138, 148, 149, 151, 158, 159, 161, 209], "summary": {"covered_lines": 59, "num_statements": 129, "percent_covered": 38.92215568862275, "percent_covered_display": "38.92", "missing_lines": 70, "excluded_lines": 0, "num_branches": 38, "num_partial_branches": 4, "covered_branches": 6, "missing_branches": 32}, "missing_lines": [37, 47, 48, 49, 50, 85, 86, 90, 91, 92, 93, 94, 95, 105, 106, 107, 111, 112, 124, 137, 177, 179, 181, 182, 183, 184, 185, 186, 187, 188, 191, 192, 193, 194, 195, 196, 197, 199, 200, 201, 202, 203, 204, 205, 207, 234, 235, 238, 239, 241, 243, 244, 245, 246, 247, 248, 249, 250, 252, 254, 255, 259, 261, 262, 265, 266, 267, 268, 269, 271], "excluded_lines": [], "executed_branches": [[36, 39], [46, 52], [77, -75], [77, 78], [99, 100], [136, 138]], "missing_branches": [[36, 37], [46, 47], [99, 101], [105, 106], [105, 107], [111, -109], [111, 112], [136, 137], [179, 181], [179, 191], [181, 182], [181, 207], [182, 183], [182, 184], [193, 194], [193, 199], [194, 195], [194, 196], [199, 200], [199, 207], [241, 243], [241, 265], [244, 245], [244, 252], [246, 247], [246, 248], [249, 244], [249, 250], [252, 254], [252, 261], [266, 267], [266, 271]], "functions": {"RateLimiter.__init__": {"executed_lines": [29, 30, 31, 32], "summary": {"covered_lines": 4, "num_statements": 4, "percent_covered": 100.0, "percent_covered_display": "100.00", "missing_lines": 0, "excluded_lines": 0, "num_branches": 0, "num_partial_branches": 0, "covered_branches": 0, "missing_branches": 0}, "missing_lines": [], "excluded_lines": [], "executed_branches": [], "missing_branches": []}, "RateLimiter.acquire": {"executed_lines": [36, 39, 40, 43, 44, 46, 52], "summary": {"covered_lines": 7, "num_statements": 12, "percent_covered": 56.25, "percent_covered_display": "56.25", "missing_lines": 5, "excluded_lines": 0, "num_branches": 4, "num_partial_branches": 2, "covered_branches": 2, "missing_branches": 2}, "missing_lines": [37, 47, 48, 49, 50], "excluded_lines": [], "executed_branches": [[36, 39], [46, 52]], "missing_branches": [[36, 37], [46, 47]]}, "ProgressCheckpoint.__init__": {"executed_lines": [64, 65, 73], "summary": {"covered_lines": 3, "num_statements": 3, "percent_covered": 100.0, "percent_covered_display": "100.00", "missing_lines": 0, "excluded_lines": 0, "num_branches": 0, "num_partial_branches": 0, "covered_branches": 0, "missing_branches": 0}, "missing_lines": [], "excluded_lines": [], "executed_branches": [], "missing_branches": []}, "ProgressCheckpoint._load": {"executed_lines": [77, 78, 79, 80, 81], "summary": {"covered_lines": 5, "num_statements": 7, "percent_covered": 77.77777777777777, "percent_covered_display": "77.78", "missing_lines": 2, "excluded_lines": 0, "num_branches": 2, "num_partial_branches": 0, "covered_branches": 2, "missing_branches": 0}, "missing_lines": [85, 86], "excluded_lines": [], "executed_branches": [[77, -75], [77, 78]], "missing_branches": []}, "ProgressCheckpoint.save": {"executed_lines": [], "summary": {"covered_lines": 0, "num_statements": 6, "percent_covered": 0.0, "percent_covered_display": "0.00", "missing_lines": 6, "excluded_lines": 0, "num_branches": 0, "num_partial_branches": 0, "covered_branches": 0, "missing_branches": 0}, "missing_lines": [90, 91, 92, 93, 94, 95], "excluded_lines": [], "executed_branches": [], "missing_branches": []}, "ProgressCheckpoint.mark_collection_complete": {"executed_lines": [99, 100, 101], "summary": {"covered_lines": 3, "num_statements": 3, "percent_covered": 80.0, "percent_covered_display": "80.00", "missing_lines": 0, "excluded_lines": 0, "num_branches": 2, "num_partial_branches": 1, "covered_branches": 1, "missing_branches": 1}, "missing_lines": [], "excluded_lines": [], "executed_branches": [[99, 100]], "missing_branches": [[99, 101]]}, "ProgressCheckpoint.mark_card_complete": {"executed_lines": [], "summary": {"covered_lines": 0, "num_statements": 3, "percent_covered": 0.0, "percent_covered_display": "0.00", "missing_lines": 3, "excluded_lines": 0, "num_branches": 2, "num_partial_branches": 0, "covered_branches": 0, "missing_branches": 2}, "missing_lines": [105, 106, 107], "excluded_lines": [], "executed_branches": [], "missing_branches": [[105, 106], [105, 107]]}, "ProgressCheckpoint.mark_dashboard_complete": {"executed_lines": [], "summary": {"covered_lines": 0, "num_statements": 2, "percent_covered": 0.0, "percent_covered_display": "0.00", "missing_lines": 2, "excluded_lines": 0, "num_branches": 2, "num_partial_branches": 0, "covered_branches": 0, "missing_branches": 2}, "missing_lines": [111, 112], "excluded_lines": [], "executed_branches": [], "missing_branches": [[111, -109], [111, 112]]}, "ProgressCheckpoint.is_collection_complete": {"executed_lines": [116], "summary": {"covered_lines": 1, "num_statements": 1, "percent_covered": 100.0, "percent_covered_display": "100.00", "missing_lines": 0, "excluded_lines": 0, "num_branches": 0, "num_partial_branches": 0, "covered_branches": 0, "missing_branches": 0}, "missing_lines": [], "excluded_lines": [], "executed_branches": [], "missing_branches": []}, "ProgressCheckpoint.is_card_complete": {"executed_lines": [120], "summary": {"covered_lines": 1, "num_statements": 1, "percent_covered": 100.0, "percent_covered_display": "100.00", "missing_lines": 0, "excluded_lines": 0, "num_branches": 0, "num_partial_branches": 0, "covered_branches": 0, "missing_branches": 0}, "missing_lines": [], "excluded_lines": [], "executed_branches": [], "missing_branches": []}, "ProgressCheckpoint.is_dashboard_complete": {"executed_lines": [], "summary": {"covered_lines": 0, "num_statements": 1, "percent_covered": 0.0, "percent_covered_display": "0.00", "missing_lines": 1, "excluded_lines": 0, "num_branches": 0, "num_partial_branches": 0, "covered_branches": 0, "missing_branches": 0}, "missing_lines": [124], "excluded_lines": [], "executed_branches": [], "missing_branches": []}, "ProgressCheckpoint.get_collection_map": {"executed_lines": [128], "summary": {"covered_lines": 1, "num_statements": 1, "percent_covered": 100.0, "percent_covered_display": "100.00", "missing_lines": 0, "excluded_lines": 0, "num_branches": 0, "num_partial_branches": 0, "covered_branches": 0, "missing_branches": 0}, "missing_lines": [], "excluded_lines": [], "executed_branches": [], "missing_branches": []}, "ProgressCheckpoint.get_card_map": {"executed_lines": [132], "summary": {"covered_lines": 1, "num_statements": 1, "percent_covered": 100.0, "percent_covered_display": "100.00", "missing_lines": 0, "excluded_lines": 0, "num_branches": 0, "num_partial_branches": 0, "covered_branches": 0, "missing_branches": 0}, "missing_lines": [], "excluded_lines": [], "executed_branches": [], "missing_branches": []}, "ProgressCheckpoint.clear": {"executed_lines": [136, 138], "summary": {"covered_lines": 2, "num_statements": 3, "percent_covered": 60.0, "percent_covered_display": "60.00", "missing_lines": 1, "excluded_lines": 0, "num_branches": 2, "num_partial_branches": 1, "covered_branches": 1, "missing_branches": 1}, "missing_lines": [137], "excluded_lines": [], "executed_branches": [[136, 138]], "missing_branches": [[136, 137]]}, "ParallelProcessor.__init__": {"executed_lines": [158, 159], "summary": {"covered_lines": 2, "num_statements": 2, "percent_covered": 100.0, "percent_covered_display": "100.00", "missing_lines": 0, "excluded_lines": 0, "num_branches": 0, "num_partial_branches": 0, "covered_branches": 0, "missing_branches": 0}, "missing_lines": [], "excluded_lines": [], "executed_branches": [], "missing_branches": []}, "ParallelProcessor.process_batch": {"executed_lines": [], "summary": {"covered_lines": 0, "num_statements": 25, "percent_covered": 0.0, "percent_covered_display": "0.00", "missing_lines": 25, "excluded_lines": 0, "num_branches": 12, "num_partial_branches": 0, "covered_branches": 0, "missing_branches": 12}, "missing_lines": [177, 179, 181, 182, 183, 184, 185, 186, 187, 188, 191, 192, 193, 194, 195, 196, 197, 199, 200, 201, 202, 203, 204, 205, 207], "excluded_lines": [], "executed_branches": [], "missing_branches": [[179, 181], [179, 191], [181, 182], [181, 207], [182, 183], [182, 184], [193, 194], [193, 199], [194, 195], [194, 196], [199, 200], [199, 207]]}, "ParallelProcessor.process_with_dependencies": {"executed_lines": [], "summary": {"covered_lines": 0, "num_statements": 25, "percent_covered": 0.0, "percent_covered_display": "0.00", "missing_lines": 25, "excluded_lines": 0, "num_branches": 12, "num_partial_branches": 0, "covered_branches": 0, "missing_branches": 12}, "missing_lines": [234, 235, 238, 239, 241, 243, 244, 245, 246, 247, 248, 249, 250, 252, 254, 255, 259, 261, 262, 265, 266, 267, 268, 269, 271], "excluded_lines": [], "executed_branches": [], "missing_branches": [[241, 243], [241, 265], [244, 245], [244, 252], [246, 247], [246, 248], [249, 244], [249, 250], [252, 254], [252, 261], [266, 267], [266, 271]]}, "": {"executed_lines": [1, 7, 8, 9, 10, 11, 12, 13, 15, 17, 20, 21, 23, 34, 55, 56, 58, 75, 88, 97, 103, 109, 114, 118, 122, 126, 130, 134, 148, 149, 151, 161, 209], "summary": {"covered_lines": 29, "num_statements": 29, "percent_covered": 100.0, "percent_covered_display": "100.00", "missing_lines": 0, "excluded_lines": 0, "num_branches": 0, "num_partial_branches": 0, "covered_branches": 0, "missing_branches": 0}, "missing_lines": [], "excluded_lines": [], "executed_branches": [], "missing_branches": []}}, "classes": {"RateLimiter": {"executed_lines": [29, 30, 31, 32, 36, 39, 40, 43, 44, 46, 52], "summary": {"covered_lines": 11, "num_statements": 16, "percent_covered": 65.0, "percent_covered_display": "65.00", "missing_lines": 5, "excluded_lines": 0, "num_branches": 4, "num_partial_branches": 2, "covered_branches": 2, "missing_branches": 2}, "missing_lines": [37, 47, 48, 49, 50], "excluded_lines": [], "executed_branches": [[36, 39], [46, 52]], "missing_branches": [[36, 37], [46, 47]]}, "ProgressCheckpoint": {"executed_lines": [64, 65, 73, 77, 78, 79, 80, 81, 99, 100, 101, 116, 120, 128, 132, 136, 138], "summary": {"covered_lines": 17, "num_statements": 32, "percent_covered": 50.0, "percent_covered_display": "50.00", "missing_lines": 15, "excluded_lines": 0, "num_branches": 10, "num_partial_branches": 2, "covered_branches": 4, "missing_branches": 6}, "missing_lines": [85, 86, 90, 91, 92, 93, 94, 95, 105, 106, 107, 111, 112, 124, 137], "excluded_lines": [], "executed_branches": [[77, -75], [77, 78], [99, 100], [136, 138]], "missing_branches": [[99, 101], [105, 106], [105, 107], [111, -109], [111, 112], [136, 137]]}, "ParallelProcessor": {"executed_lines": [158, 159], "summary": {"covered_lines": 2, "num_statements": 52, "percent_covered": 2.6315789473684212, "percent_covered_display": "2.63", "missing_lines": 50, "excluded_lines": 0, "num_branches": 24, "num_partial_branches": 0, "covered_branches": 0, "missing_branches": 24}, "missing_lines": [177, 179, 181, 182, 183, 184, 185, 186, 187, 188, 191, 192, 193, 194, 195, 196, 197, 199, 200, 201, 202, 203, 204, 205, 207, 234, 235, 238, 239, 241, 243, 244, 245, 246, 247, 248, 249, 250, 252, 254, 255, 259, 261, 262, 265, 266, 267, 268, 269, 271], "excluded_lines": [], "executed_branches": [], "missing_branches": [[179, 181], [179, 191], [181, 182], [181, 207], [182, 183], [182, 184], [193, 194], [193, 199], [194, 195], [194, 196], [199, 200], [199, 207], [241, 243], [241, 265], [244, 245], [244, 252], [246, 247], [246, 248], [249, 244], [249, 250], [252, 254], [252, 261], [266, 267], [266, 271]]}, "": {"executed_lines": [1, 7, 8, 9, 10, 11, 12, 13, 15, 17, 20, 21, 23, 34, 55, 56, 58, 75, 88, 97, 103, 109, 114, 118, 122, 126, 130, 134, 148, 149, 151, 161, 209], "summary": {"covered_lines": 29, "num_statements": 29, "percent_covered": 100.0, "percent_covered_display": "100.00", "missing_lines": 0, "excluded_lines": 0, "num_branches": 0, "num_partial_branches": 0, "covered_branches": 0, "missing_branches": 0}, "missing_lines": [], "excluded_lines": [], "executed_branches": [], "missing_branches": []}}}, "lib/utils.py": {"executed_lines": [1, 3, 4, 5, 6, 7, 8, 9, 10, 13, 14, 20, 21, 23, 25, 26, 30, 43, 45, 51, 57, 58, 60, 63, 64, 67, 74, 76, 77, 79, 82, 101, 117, 119, 120, 121, 124, 126, 127, 130, 133, 144, 148, 151, 154], "summary": {"covered_lines": 43, "num_statements": 70, "percent_covered": 55.81395348837209, "percent_covered_display": "55.81", "missing_lines": 27, "excluded_lines": 0, "num_branches": 16, "num_partial_branches": 5, "covered_branches": 5, "missing_branches": 11}, "missing_lines": [15, 17, 27, 47, 48, 53, 54, 68, 69, 70, 71, 92, 94, 96, 98, 110, 111, 112, 113, 114, 149, 156, 158, 159, 161, 162, 163], "excluded_lines": [], "executed_branches": [[25, 26], [45, 51], [51, 57], [67, 74], [148, 151]], "missing_branches": [[25, 27], [45, 47], [51, 53], [67, 68], [112, 113], [112, 114], [148, 149], [158, 159], [158, 161], [161, 162], [161, 163]], "functions": {"CustomJsonEncoder.default": {"executed_lines": [25, 26], "summary": {"covered_lines": 2, "num_statements": 3, "percent_covered": 60.0, "percent_covered_display": "60.00", "missing_lines": 1, "excluded_lines": 0, "num_branches": 2, "num_partial_branches": 1, "covered_branches": 1, "missing_branches": 1}, "missing_lines": [27], "excluded_lines": [], "executed_branches": [[25, 26]], "missing_branches": [[25, 27]]}, "setup_logging": {"executed_lines": [43, 45, 51, 57, 58, 60, 63, 64, 67, 74, 76, 77, 79], "summary": {"covered_lines": 13, "num_statements": 21, "percent_covered": 59.25925925925926, "percent_covered_display": "59.26", "missing_lines": 8, "excluded_lines": 0, "num_branches": 6, "num_partial_branches": 3, "covered_branches": 3, "missing_branches": 3}, "missing_lines": [47, 48, 53, 54, 68, 69, 70, 71], "excluded_lines": [], "executed_branches": [[45, 51], [51, 57], [67, 74]], "missing_branches": [[45, 47], [51, 53], [67, 68]]}, "sanitize_filename": {"executed_lines": [], "summary": {"covered_lines": 0, "num_statements": 4, "percent_covered": 0.0, "percent_covered_display": "0.00", "missing_lines": 4, "excluded_lines": 0, "num_branches": 0, "num_partial_branches": 0, "covered_branches": 0, "missing_branches": 0}, "missing_lines": [92, 94, 96, 98], "excluded_lines": [], "executed_branches": [], "missing_branches": []}, "calculate_checksum": {"executed_lines": [], "summary": {"covered_lines": 0, "num_statements": 5, "percent_covered": 0.0, "percent_covered_display": "0.00", "missing_lines": 5, "excluded_lines": 0, "num_branches": 2, "num_partial_branches": 0, "covered_branches": 0, "missing_branches": 2}, "missing_lines": [110, 111, 112, 113, 114], "excluded_lines": [], "executed_branches": [], "missing_branches": [[112, 113], [112, 114]]}, "write_json_file": {"executed_lines": [119, 120, 121], "summary": {"covered_lines": 3, "num_statements": 3, "percent_covered": 100.0, "percent_covered_display": "100.00", "missing_lines": 0, "excluded_lines": 0, "num_branches": 0, "num_partial_branches": 0, "covered_branches": 0, "missing_branches": 0}, "missing_lines": [], "excluded_lines": [], "executed_branches": [], "missing_branches": []}, "read_json_file": {"executed_lines": [126, 127], "summary": {"covered_lines": 2, "num_statements": 2, "percent_covered": 100.0, "percent_covered_display": "100.00", "missing_lines": 0, "excluded_lines": 0, "num_branches": 0, "num_partial_branches": 0, "covered_branches": 0, "missing_branches": 0}, "missing_lines": [], "excluded_lines": [], "executed_branches": [], "missing_branches": []}, "clean_for_create": {"executed_lines": [133, 144, 148, 151], "summary": {"covered_lines": 4, "num_statements": 5, "percent_covered": 71.42857142857143, "percent_covered_display": "71.43", "missing_lines": 1, "excluded_lines": 0, "num_branches": 2, "num_partial_branches": 1, "covered_branches": 1, "missing_branches": 1}, "missing_lines": [149], "excluded_lines": [], "executed_branches": [[148, 151]], "missing_branches": [[148, 149]]}, "clean_dashboard_for_update": {"executed_lines": [], "summary": {"covered_lines": 0, "num_statements": 6, "percent_covered": 0.0, "percent_covered_display": "0.00", "missing_lines": 6, "excluded_lines": 0, "num_branches": 4, "num_partial_branches": 0, "covered_branches": 0, "missing_branches": 4}, "missing_lines": [156, 158, 159, 161, 162, 163], "excluded_lines": [], "executed_branches": [], "missing_branches": [[158, 159], [158, 161], [161, 162], [161, 163]]}, "": {"executed_lines": [1, 3, 4, 5, 6, 7, 8, 9, 10, 13, 14, 20, 21, 23, 30, 82, 101, 117, 124, 130, 154], "summary": {"covered_lines": 19, "num_statements": 21, "percent_covered": 90.47619047619048, "percent_covered_display": "90.48", "missing_lines": 2, "excluded_lines": 0, "num_branches": 0, "num_partial_branches": 0, "covered_branches": 0, "missing_branches": 0}, "missing_lines": [15, 17], "excluded_lines": [], "executed_branches": [], "missing_branches": []}}, "classes": {"CustomJsonEncoder": {"executed_lines": [25, 26], "summary": {"covered_lines": 2, "num_statements": 3, "percent_covered": 60.0, "percent_covered_display": "60.00", "missing_lines": 1, "excluded_lines": 0, "num_branches": 2, "num_partial_branches": 1, "covered_branches": 1, "missing_branches": 1}, "missing_lines": [27], "excluded_lines": [], "executed_branches": [[25, 26]], "missing_branches": [[25, 27]]}, "": {"executed_lines": [1, 3, 4, 5, 6, 7, 8, 9, 10, 13, 14, 20, 21, 23, 30, 43, 45, 51, 57, 58, 60, 63, 64, 67, 74, 76, 77, 79, 82, 101, 117, 119, 120, 121, 124, 126, 127, 130, 133, 144, 148, 151, 154], "summary": {"covered_lines": 41, "num_statements": 67, "percent_covered": 55.55555555555556, "percent_covered_display": "55.56", "missing_lines": 26, "excluded_lines": 0, "num_branches": 14, "num_partial_branches": 4, "covered_branches": 4, "missing_branches": 10}, "missing_lines": [15, 17, 47, 48, 53, 54, 68, 69, 70, 71, 92, 94, 96, 98, 110, 111, 112, 113, 114, 149, 156, 158, 159, 161, 162, 163], "excluded_lines": [], "executed_branches": [[45, 51], [51, 57], [67, 74], [148, 151]], "missing_branches": [[45, 47], [51, 53], [67, 68], [112, 113], [112, 114], [148, 149], [158, 159], [158, 161], [161, 162], [161, 163]]}}}}, "totals": {"covered_lines": 688, "num_statements": 1472, "percent_covered": 41.75824175824176, "percent_covered_display": "41.76", "missing_lines": 784, "excluded_lines": 2, "num_branches": 530, "num_partial_branches": 68, "covered_branches": 148, "missing_branches": 382}}
